[2026-05-21T23:32:22.716+0000] {taskinstance.py:1956} INFO - Dependencies all met for dep_context=non-requeueable deps ti=<TaskInstance: etl_pipeline.extract manual__2026-05-21T23:32:19.554190+00:00 [queued]>
[2026-05-21T23:32:22.720+0000] {taskinstance.py:1956} INFO - Dependencies all met for dep_context=requeueable deps ti=<TaskInstance: etl_pipeline.extract manual__2026-05-21T23:32:19.554190+00:00 [queued]>
[2026-05-21T23:32:22.721+0000] {taskinstance.py:2170} INFO - Starting attempt 1 of 1
[2026-05-21T23:32:22.731+0000] {taskinstance.py:2191} INFO - Executing <Task(PythonOperator): extract> on 2026-05-21 23:32:19.554190+00:00
[2026-05-21T23:32:22.735+0000] {standard_task_runner.py:60} INFO - Started process 137 to run task
[2026-05-21T23:32:22.740+0000] {standard_task_runner.py:87} INFO - Running: ['airflow', 'tasks', 'run', 'etl_pipeline', 'extract', 'manual__2026-05-21T23:32:19.554190+00:00', '--job-id', '4', '--raw', '--subdir', 'DAGS_FOLDER/etl_dag.py', '--cfg-path', '/tmp/tmpmsqxpg6a']
[2026-05-21T23:32:22.742+0000] {standard_task_runner.py:88} INFO - Job 4: Subtask extract
[2026-05-21T23:32:22.772+0000] {task_command.py:423} INFO - Running <TaskInstance: etl_pipeline.extract manual__2026-05-21T23:32:19.554190+00:00 [running]> on host 15c29f975715
[2026-05-21T23:32:22.810+0000] {taskinstance.py:2480} INFO - Exporting env vars: AIRFLOW_CTX_DAG_OWNER='airflow' AIRFLOW_CTX_DAG_ID='etl_pipeline' AIRFLOW_CTX_TASK_ID='extract' AIRFLOW_CTX_EXECUTION_DATE='2026-05-21T23:32:19.554190+00:00' AIRFLOW_CTX_TRY_NUMBER='1' AIRFLOW_CTX_DAG_RUN_ID='manual__2026-05-21T23:32:19.554190+00:00'
[2026-05-21T23:32:22.812+0000] {taskinstance.py:2698} ERROR - Task failed with exception
Traceback (most recent call last):
  File "/home/airflow/.local/lib/python3.10/site-packages/airflow/models/taskinstance.py", line 433, in _execute_task
    result = execute_callable(context=context, **execute_callable_kwargs)
  File "/home/airflow/.local/lib/python3.10/site-packages/airflow/operators/python.py", line 199, in execute
    return_value = self.execute_callable()
  File "/home/airflow/.local/lib/python3.10/site-packages/airflow/operators/python.py", line 216, in execute_callable
    return self.python_callable(*self.op_args, **self.op_kwargs)
  File "/opt/airflow/dags/etl_dag.py", line 13, in extract
    raw_df = pd.read_csv('/opt/airflow/data/students.csv')
  File "/home/airflow/.local/lib/python3.10/site-packages/pandas/io/parsers/readers.py", line 948, in read_csv
    return _read(filepath_or_buffer, kwds)
  File "/home/airflow/.local/lib/python3.10/site-packages/pandas/io/parsers/readers.py", line 611, in _read
    parser = TextFileReader(filepath_or_buffer, **kwds)
  File "/home/airflow/.local/lib/python3.10/site-packages/pandas/io/parsers/readers.py", line 1448, in __init__
    self._engine = self._make_engine(f, self.engine)
  File "/home/airflow/.local/lib/python3.10/site-packages/pandas/io/parsers/readers.py", line 1705, in _make_engine
    self.handles = get_handle(
  File "/home/airflow/.local/lib/python3.10/site-packages/pandas/io/common.py", line 863, in get_handle
    handle = open(
FileNotFoundError: [Errno 2] No such file or directory: '/opt/airflow/data/students.csv'
[2026-05-21T23:32:22.820+0000] {taskinstance.py:1138} INFO - Marking task as FAILED. dag_id=etl_pipeline, task_id=extract, execution_date=20260521T233219, start_date=20260521T233222, end_date=20260521T233222
[2026-05-21T23:32:22.924+0000] {standard_task_runner.py:107} ERROR - Failed to execute job 4 for task extract ([Errno 2] No such file or directory: '/opt/airflow/data/students.csv'; 137)
[2026-05-21T23:32:22.952+0000] {local_task_job_runner.py:234} INFO - Task exited with return code 1
[2026-05-21T23:32:22.964+0000] {taskinstance.py:3280} INFO - 0 downstream tasks scheduled from follow-on schedule check
