[2026-05-21T23:24:36.395+0000] {processor.py:161} INFO - Started process (PID=98) to work on /opt/airflow/dags/etl_dag.py
[2026-05-21T23:24:36.396+0000] {processor.py:830} INFO - Processing file /opt/airflow/dags/etl_dag.py for tasks to queue
[2026-05-21T23:24:36.397+0000] {logging_mixin.py:188} INFO - [2026-05-21T23:24:36.396+0000] {dagbag.py:538} INFO - Filling up the DagBag from /opt/airflow/dags/etl_dag.py
[2026-05-21T23:24:36.610+0000] {processor.py:840} INFO - DAG(s) 'etl_pipeline' retrieved from /opt/airflow/dags/etl_dag.py
[2026-05-21T23:24:36.616+0000] {logging_mixin.py:188} INFO - [2026-05-21T23:24:36.615+0000] {dag.py:3036} INFO - Sync 1 DAGs
[2026-05-21T23:24:36.631+0000] {logging_mixin.py:188} INFO - [2026-05-21T23:24:36.631+0000] {dag.py:3823} INFO - Setting next_dagrun for etl_pipeline to 2026-05-20 00:00:00+00:00, run_after=2026-05-21 00:00:00+00:00
[2026-05-21T23:24:36.647+0000] {processor.py:183} INFO - Processing /opt/airflow/dags/etl_dag.py took 0.254 seconds
[2026-05-21T23:25:07.614+0000] {processor.py:161} INFO - Started process (PID=104) to work on /opt/airflow/dags/etl_dag.py
[2026-05-21T23:25:07.614+0000] {processor.py:830} INFO - Processing file /opt/airflow/dags/etl_dag.py for tasks to queue
[2026-05-21T23:25:07.615+0000] {logging_mixin.py:188} INFO - [2026-05-21T23:25:07.615+0000] {dagbag.py:538} INFO - Filling up the DagBag from /opt/airflow/dags/etl_dag.py
[2026-05-21T23:25:07.829+0000] {processor.py:840} INFO - DAG(s) 'etl_pipeline' retrieved from /opt/airflow/dags/etl_dag.py
[2026-05-21T23:25:07.901+0000] {logging_mixin.py:188} INFO - [2026-05-21T23:25:07.901+0000] {dag.py:3036} INFO - Sync 1 DAGs
[2026-05-21T23:25:07.915+0000] {logging_mixin.py:188} INFO - [2026-05-21T23:25:07.915+0000] {dag.py:3823} INFO - Setting next_dagrun for etl_pipeline to 2026-05-21 00:00:00+00:00, run_after=2026-05-22 00:00:00+00:00
[2026-05-21T23:25:07.975+0000] {processor.py:183} INFO - Processing /opt/airflow/dags/etl_dag.py took 0.364 seconds
[2026-05-21T23:25:38.074+0000] {processor.py:161} INFO - Started process (PID=106) to work on /opt/airflow/dags/etl_dag.py
[2026-05-21T23:25:38.075+0000] {processor.py:830} INFO - Processing file /opt/airflow/dags/etl_dag.py for tasks to queue
[2026-05-21T23:25:38.076+0000] {logging_mixin.py:188} INFO - [2026-05-21T23:25:38.075+0000] {dagbag.py:538} INFO - Filling up the DagBag from /opt/airflow/dags/etl_dag.py
[2026-05-21T23:25:38.329+0000] {processor.py:840} INFO - DAG(s) 'etl_pipeline' retrieved from /opt/airflow/dags/etl_dag.py
[2026-05-21T23:25:38.346+0000] {logging_mixin.py:188} INFO - [2026-05-21T23:25:38.345+0000] {dag.py:3036} INFO - Sync 1 DAGs
[2026-05-21T23:25:38.361+0000] {logging_mixin.py:188} INFO - [2026-05-21T23:25:38.360+0000] {dag.py:3823} INFO - Setting next_dagrun for etl_pipeline to 2026-05-21 00:00:00+00:00, run_after=2026-05-22 00:00:00+00:00
[2026-05-21T23:25:38.375+0000] {processor.py:183} INFO - Processing /opt/airflow/dags/etl_dag.py took 0.304 seconds
[2026-05-21T23:26:08.534+0000] {processor.py:161} INFO - Started process (PID=108) to work on /opt/airflow/dags/etl_dag.py
[2026-05-21T23:26:08.535+0000] {processor.py:830} INFO - Processing file /opt/airflow/dags/etl_dag.py for tasks to queue
[2026-05-21T23:26:08.536+0000] {logging_mixin.py:188} INFO - [2026-05-21T23:26:08.535+0000] {dagbag.py:538} INFO - Filling up the DagBag from /opt/airflow/dags/etl_dag.py
[2026-05-21T23:26:08.752+0000] {processor.py:840} INFO - DAG(s) 'etl_pipeline' retrieved from /opt/airflow/dags/etl_dag.py
[2026-05-21T23:26:08.769+0000] {logging_mixin.py:188} INFO - [2026-05-21T23:26:08.769+0000] {dag.py:3036} INFO - Sync 1 DAGs
[2026-05-21T23:26:08.785+0000] {logging_mixin.py:188} INFO - [2026-05-21T23:26:08.784+0000] {dag.py:3823} INFO - Setting next_dagrun for etl_pipeline to 2026-05-21 00:00:00+00:00, run_after=2026-05-22 00:00:00+00:00
[2026-05-21T23:26:08.799+0000] {processor.py:183} INFO - Processing /opt/airflow/dags/etl_dag.py took 0.268 seconds
[2026-05-21T23:26:38.895+0000] {processor.py:161} INFO - Started process (PID=110) to work on /opt/airflow/dags/etl_dag.py
[2026-05-21T23:26:38.896+0000] {processor.py:830} INFO - Processing file /opt/airflow/dags/etl_dag.py for tasks to queue
[2026-05-21T23:26:38.897+0000] {logging_mixin.py:188} INFO - [2026-05-21T23:26:38.896+0000] {dagbag.py:538} INFO - Filling up the DagBag from /opt/airflow/dags/etl_dag.py
[2026-05-21T23:26:39.107+0000] {processor.py:840} INFO - DAG(s) 'etl_pipeline' retrieved from /opt/airflow/dags/etl_dag.py
[2026-05-21T23:26:39.125+0000] {logging_mixin.py:188} INFO - [2026-05-21T23:26:39.125+0000] {dag.py:3036} INFO - Sync 1 DAGs
[2026-05-21T23:26:39.147+0000] {logging_mixin.py:188} INFO - [2026-05-21T23:26:39.147+0000] {dag.py:3823} INFO - Setting next_dagrun for etl_pipeline to 2026-05-21 00:00:00+00:00, run_after=2026-05-22 00:00:00+00:00
[2026-05-21T23:26:39.227+0000] {processor.py:183} INFO - Processing /opt/airflow/dags/etl_dag.py took 0.335 seconds
[2026-05-21T23:27:09.356+0000] {processor.py:161} INFO - Started process (PID=112) to work on /opt/airflow/dags/etl_dag.py
[2026-05-21T23:27:09.357+0000] {processor.py:830} INFO - Processing file /opt/airflow/dags/etl_dag.py for tasks to queue
[2026-05-21T23:27:09.358+0000] {logging_mixin.py:188} INFO - [2026-05-21T23:27:09.358+0000] {dagbag.py:538} INFO - Filling up the DagBag from /opt/airflow/dags/etl_dag.py
[2026-05-21T23:27:09.582+0000] {processor.py:840} INFO - DAG(s) 'etl_pipeline' retrieved from /opt/airflow/dags/etl_dag.py
[2026-05-21T23:27:09.599+0000] {logging_mixin.py:188} INFO - [2026-05-21T23:27:09.599+0000] {dag.py:3036} INFO - Sync 1 DAGs
[2026-05-21T23:27:09.614+0000] {logging_mixin.py:188} INFO - [2026-05-21T23:27:09.614+0000] {dag.py:3823} INFO - Setting next_dagrun for etl_pipeline to 2026-05-21 00:00:00+00:00, run_after=2026-05-22 00:00:00+00:00
[2026-05-21T23:27:09.629+0000] {processor.py:183} INFO - Processing /opt/airflow/dags/etl_dag.py took 0.275 seconds
[2026-05-21T23:27:39.719+0000] {processor.py:161} INFO - Started process (PID=114) to work on /opt/airflow/dags/etl_dag.py
[2026-05-21T23:27:39.719+0000] {processor.py:830} INFO - Processing file /opt/airflow/dags/etl_dag.py for tasks to queue
[2026-05-21T23:27:39.720+0000] {logging_mixin.py:188} INFO - [2026-05-21T23:27:39.720+0000] {dagbag.py:538} INFO - Filling up the DagBag from /opt/airflow/dags/etl_dag.py
[2026-05-21T23:27:39.955+0000] {processor.py:840} INFO - DAG(s) 'etl_pipeline' retrieved from /opt/airflow/dags/etl_dag.py
[2026-05-21T23:27:39.972+0000] {logging_mixin.py:188} INFO - [2026-05-21T23:27:39.971+0000] {dag.py:3036} INFO - Sync 1 DAGs
[2026-05-21T23:27:39.987+0000] {logging_mixin.py:188} INFO - [2026-05-21T23:27:39.986+0000] {dag.py:3823} INFO - Setting next_dagrun for etl_pipeline to 2026-05-21 00:00:00+00:00, run_after=2026-05-22 00:00:00+00:00
[2026-05-21T23:27:40.003+0000] {processor.py:183} INFO - Processing /opt/airflow/dags/etl_dag.py took 0.287 seconds
[2026-05-21T23:28:10.079+0000] {processor.py:161} INFO - Started process (PID=116) to work on /opt/airflow/dags/etl_dag.py
[2026-05-21T23:28:10.080+0000] {processor.py:830} INFO - Processing file /opt/airflow/dags/etl_dag.py for tasks to queue
[2026-05-21T23:28:10.081+0000] {logging_mixin.py:188} INFO - [2026-05-21T23:28:10.081+0000] {dagbag.py:538} INFO - Filling up the DagBag from /opt/airflow/dags/etl_dag.py
[2026-05-21T23:28:10.327+0000] {processor.py:840} INFO - DAG(s) 'etl_pipeline' retrieved from /opt/airflow/dags/etl_dag.py
[2026-05-21T23:28:10.344+0000] {logging_mixin.py:188} INFO - [2026-05-21T23:28:10.343+0000] {dag.py:3036} INFO - Sync 1 DAGs
[2026-05-21T23:28:10.359+0000] {logging_mixin.py:188} INFO - [2026-05-21T23:28:10.359+0000] {dag.py:3823} INFO - Setting next_dagrun for etl_pipeline to 2026-05-21 00:00:00+00:00, run_after=2026-05-22 00:00:00+00:00
[2026-05-21T23:28:10.373+0000] {processor.py:183} INFO - Processing /opt/airflow/dags/etl_dag.py took 0.296 seconds
[2026-05-21T23:28:40.445+0000] {processor.py:161} INFO - Started process (PID=118) to work on /opt/airflow/dags/etl_dag.py
[2026-05-21T23:28:40.446+0000] {processor.py:830} INFO - Processing file /opt/airflow/dags/etl_dag.py for tasks to queue
[2026-05-21T23:28:40.447+0000] {logging_mixin.py:188} INFO - [2026-05-21T23:28:40.447+0000] {dagbag.py:538} INFO - Filling up the DagBag from /opt/airflow/dags/etl_dag.py
[2026-05-21T23:28:40.653+0000] {processor.py:840} INFO - DAG(s) 'etl_pipeline' retrieved from /opt/airflow/dags/etl_dag.py
[2026-05-21T23:28:40.673+0000] {logging_mixin.py:188} INFO - [2026-05-21T23:28:40.673+0000] {dag.py:3036} INFO - Sync 1 DAGs
[2026-05-21T23:28:40.690+0000] {logging_mixin.py:188} INFO - [2026-05-21T23:28:40.690+0000] {dag.py:3823} INFO - Setting next_dagrun for etl_pipeline to 2026-05-21 00:00:00+00:00, run_after=2026-05-22 00:00:00+00:00
[2026-05-21T23:28:40.705+0000] {processor.py:183} INFO - Processing /opt/airflow/dags/etl_dag.py took 0.262 seconds
[2026-05-21T23:29:10.806+0000] {processor.py:161} INFO - Started process (PID=120) to work on /opt/airflow/dags/etl_dag.py
[2026-05-21T23:29:10.807+0000] {processor.py:830} INFO - Processing file /opt/airflow/dags/etl_dag.py for tasks to queue
[2026-05-21T23:29:10.808+0000] {logging_mixin.py:188} INFO - [2026-05-21T23:29:10.807+0000] {dagbag.py:538} INFO - Filling up the DagBag from /opt/airflow/dags/etl_dag.py
[2026-05-21T23:29:11.021+0000] {processor.py:840} INFO - DAG(s) 'etl_pipeline' retrieved from /opt/airflow/dags/etl_dag.py
[2026-05-21T23:29:11.037+0000] {logging_mixin.py:188} INFO - [2026-05-21T23:29:11.037+0000] {dag.py:3036} INFO - Sync 1 DAGs
[2026-05-21T23:29:11.053+0000] {logging_mixin.py:188} INFO - [2026-05-21T23:29:11.052+0000] {dag.py:3823} INFO - Setting next_dagrun for etl_pipeline to 2026-05-21 00:00:00+00:00, run_after=2026-05-22 00:00:00+00:00
[2026-05-21T23:29:11.067+0000] {processor.py:183} INFO - Processing /opt/airflow/dags/etl_dag.py took 0.264 seconds
[2026-05-21T23:29:41.176+0000] {processor.py:161} INFO - Started process (PID=122) to work on /opt/airflow/dags/etl_dag.py
[2026-05-21T23:29:41.177+0000] {processor.py:830} INFO - Processing file /opt/airflow/dags/etl_dag.py for tasks to queue
[2026-05-21T23:29:41.178+0000] {logging_mixin.py:188} INFO - [2026-05-21T23:29:41.178+0000] {dagbag.py:538} INFO - Filling up the DagBag from /opt/airflow/dags/etl_dag.py
[2026-05-21T23:29:41.388+0000] {processor.py:840} INFO - DAG(s) 'etl_pipeline' retrieved from /opt/airflow/dags/etl_dag.py
[2026-05-21T23:29:41.405+0000] {logging_mixin.py:188} INFO - [2026-05-21T23:29:41.405+0000] {dag.py:3036} INFO - Sync 1 DAGs
[2026-05-21T23:29:41.420+0000] {logging_mixin.py:188} INFO - [2026-05-21T23:29:41.420+0000] {dag.py:3823} INFO - Setting next_dagrun for etl_pipeline to 2026-05-21 00:00:00+00:00, run_after=2026-05-22 00:00:00+00:00
[2026-05-21T23:29:41.435+0000] {processor.py:183} INFO - Processing /opt/airflow/dags/etl_dag.py took 0.262 seconds
[2026-05-21T23:30:11.537+0000] {processor.py:161} INFO - Started process (PID=124) to work on /opt/airflow/dags/etl_dag.py
[2026-05-21T23:30:11.537+0000] {processor.py:830} INFO - Processing file /opt/airflow/dags/etl_dag.py for tasks to queue
[2026-05-21T23:30:11.538+0000] {logging_mixin.py:188} INFO - [2026-05-21T23:30:11.538+0000] {dagbag.py:538} INFO - Filling up the DagBag from /opt/airflow/dags/etl_dag.py
[2026-05-21T23:30:11.751+0000] {processor.py:840} INFO - DAG(s) 'etl_pipeline' retrieved from /opt/airflow/dags/etl_dag.py
[2026-05-21T23:30:11.769+0000] {logging_mixin.py:188} INFO - [2026-05-21T23:30:11.768+0000] {dag.py:3036} INFO - Sync 1 DAGs
[2026-05-21T23:30:11.784+0000] {logging_mixin.py:188} INFO - [2026-05-21T23:30:11.784+0000] {dag.py:3823} INFO - Setting next_dagrun for etl_pipeline to 2026-05-21 00:00:00+00:00, run_after=2026-05-22 00:00:00+00:00
[2026-05-21T23:30:11.799+0000] {processor.py:183} INFO - Processing /opt/airflow/dags/etl_dag.py took 0.265 seconds
[2026-05-21T23:30:41.905+0000] {processor.py:161} INFO - Started process (PID=126) to work on /opt/airflow/dags/etl_dag.py
[2026-05-21T23:30:41.906+0000] {processor.py:830} INFO - Processing file /opt/airflow/dags/etl_dag.py for tasks to queue
[2026-05-21T23:30:41.907+0000] {logging_mixin.py:188} INFO - [2026-05-21T23:30:41.907+0000] {dagbag.py:538} INFO - Filling up the DagBag from /opt/airflow/dags/etl_dag.py
[2026-05-21T23:30:42.160+0000] {processor.py:840} INFO - DAG(s) 'etl_pipeline' retrieved from /opt/airflow/dags/etl_dag.py
[2026-05-21T23:30:42.176+0000] {logging_mixin.py:188} INFO - [2026-05-21T23:30:42.176+0000] {dag.py:3036} INFO - Sync 1 DAGs
[2026-05-21T23:30:42.192+0000] {logging_mixin.py:188} INFO - [2026-05-21T23:30:42.192+0000] {dag.py:3823} INFO - Setting next_dagrun for etl_pipeline to 2026-05-21 00:00:00+00:00, run_after=2026-05-22 00:00:00+00:00
[2026-05-21T23:30:42.207+0000] {processor.py:183} INFO - Processing /opt/airflow/dags/etl_dag.py took 0.305 seconds
[2026-05-21T23:31:12.369+0000] {processor.py:161} INFO - Started process (PID=128) to work on /opt/airflow/dags/etl_dag.py
[2026-05-21T23:31:12.370+0000] {processor.py:830} INFO - Processing file /opt/airflow/dags/etl_dag.py for tasks to queue
[2026-05-21T23:31:12.371+0000] {logging_mixin.py:188} INFO - [2026-05-21T23:31:12.371+0000] {dagbag.py:538} INFO - Filling up the DagBag from /opt/airflow/dags/etl_dag.py
[2026-05-21T23:31:12.581+0000] {processor.py:840} INFO - DAG(s) 'etl_pipeline' retrieved from /opt/airflow/dags/etl_dag.py
[2026-05-21T23:31:12.597+0000] {logging_mixin.py:188} INFO - [2026-05-21T23:31:12.597+0000] {dag.py:3036} INFO - Sync 1 DAGs
[2026-05-21T23:31:12.612+0000] {logging_mixin.py:188} INFO - [2026-05-21T23:31:12.611+0000] {dag.py:3823} INFO - Setting next_dagrun for etl_pipeline to 2026-05-21 00:00:00+00:00, run_after=2026-05-22 00:00:00+00:00
[2026-05-21T23:31:12.626+0000] {processor.py:183} INFO - Processing /opt/airflow/dags/etl_dag.py took 0.260 seconds
[2026-05-21T23:31:42.729+0000] {processor.py:161} INFO - Started process (PID=130) to work on /opt/airflow/dags/etl_dag.py
[2026-05-21T23:31:42.730+0000] {processor.py:830} INFO - Processing file /opt/airflow/dags/etl_dag.py for tasks to queue
[2026-05-21T23:31:42.731+0000] {logging_mixin.py:188} INFO - [2026-05-21T23:31:42.731+0000] {dagbag.py:538} INFO - Filling up the DagBag from /opt/airflow/dags/etl_dag.py
[2026-05-21T23:31:42.953+0000] {processor.py:840} INFO - DAG(s) 'etl_pipeline' retrieved from /opt/airflow/dags/etl_dag.py
[2026-05-21T23:31:42.969+0000] {logging_mixin.py:188} INFO - [2026-05-21T23:31:42.969+0000] {dag.py:3036} INFO - Sync 1 DAGs
[2026-05-21T23:31:42.984+0000] {logging_mixin.py:188} INFO - [2026-05-21T23:31:42.984+0000] {dag.py:3823} INFO - Setting next_dagrun for etl_pipeline to 2026-05-21 00:00:00+00:00, run_after=2026-05-22 00:00:00+00:00
[2026-05-21T23:31:43.058+0000] {processor.py:183} INFO - Processing /opt/airflow/dags/etl_dag.py took 0.331 seconds
[2026-05-21T23:31:50.919+0000] {processor.py:161} INFO - Started process (PID=132) to work on /opt/airflow/dags/etl_dag.py
[2026-05-21T23:31:50.920+0000] {processor.py:830} INFO - Processing file /opt/airflow/dags/etl_dag.py for tasks to queue
[2026-05-21T23:31:50.921+0000] {logging_mixin.py:188} INFO - [2026-05-21T23:31:50.921+0000] {dagbag.py:538} INFO - Filling up the DagBag from /opt/airflow/dags/etl_dag.py
[2026-05-21T23:31:51.298+0000] {processor.py:840} INFO - DAG(s) 'etl_pipeline' retrieved from /opt/airflow/dags/etl_dag.py
[2026-05-21T23:31:51.462+0000] {logging_mixin.py:188} INFO - [2026-05-21T23:31:51.462+0000] {dag.py:3036} INFO - Sync 1 DAGs
[2026-05-21T23:31:51.479+0000] {logging_mixin.py:188} INFO - [2026-05-21T23:31:51.478+0000] {dag.py:3823} INFO - Setting next_dagrun for etl_pipeline to 2026-05-21 00:00:00+00:00, run_after=2026-05-22 00:00:00+00:00
[2026-05-21T23:31:51.495+0000] {processor.py:183} INFO - Processing /opt/airflow/dags/etl_dag.py took 0.579 seconds
[2026-05-21T23:32:23.396+0000] {processor.py:161} INFO - Started process (PID=138) to work on /opt/airflow/dags/etl_dag.py
[2026-05-21T23:32:23.397+0000] {processor.py:830} INFO - Processing file /opt/airflow/dags/etl_dag.py for tasks to queue
[2026-05-21T23:32:23.398+0000] {logging_mixin.py:188} INFO - [2026-05-21T23:32:23.398+0000] {dagbag.py:538} INFO - Filling up the DagBag from /opt/airflow/dags/etl_dag.py
[2026-05-21T23:32:23.607+0000] {processor.py:840} INFO - DAG(s) 'etl_pipeline' retrieved from /opt/airflow/dags/etl_dag.py
[2026-05-21T23:32:23.623+0000] {logging_mixin.py:188} INFO - [2026-05-21T23:32:23.623+0000] {dag.py:3036} INFO - Sync 1 DAGs
[2026-05-21T23:32:23.639+0000] {logging_mixin.py:188} INFO - [2026-05-21T23:32:23.639+0000] {dag.py:3823} INFO - Setting next_dagrun for etl_pipeline to 2026-05-21 00:00:00+00:00, run_after=2026-05-22 00:00:00+00:00
[2026-05-21T23:32:23.654+0000] {processor.py:183} INFO - Processing /opt/airflow/dags/etl_dag.py took 0.260 seconds
[2026-05-21T23:32:54.565+0000] {processor.py:161} INFO - Started process (PID=140) to work on /opt/airflow/dags/etl_dag.py
[2026-05-21T23:32:54.566+0000] {processor.py:830} INFO - Processing file /opt/airflow/dags/etl_dag.py for tasks to queue
[2026-05-21T23:32:54.567+0000] {logging_mixin.py:188} INFO - [2026-05-21T23:32:54.567+0000] {dagbag.py:538} INFO - Filling up the DagBag from /opt/airflow/dags/etl_dag.py
[2026-05-21T23:32:54.787+0000] {processor.py:840} INFO - DAG(s) 'etl_pipeline' retrieved from /opt/airflow/dags/etl_dag.py
[2026-05-21T23:32:54.804+0000] {logging_mixin.py:188} INFO - [2026-05-21T23:32:54.804+0000] {dag.py:3036} INFO - Sync 1 DAGs
[2026-05-21T23:32:54.820+0000] {logging_mixin.py:188} INFO - [2026-05-21T23:32:54.820+0000] {dag.py:3823} INFO - Setting next_dagrun for etl_pipeline to 2026-05-21 00:00:00+00:00, run_after=2026-05-22 00:00:00+00:00
[2026-05-21T23:32:54.835+0000] {processor.py:183} INFO - Processing /opt/airflow/dags/etl_dag.py took 0.273 seconds
[2026-05-21T23:33:24.940+0000] {processor.py:161} INFO - Started process (PID=142) to work on /opt/airflow/dags/etl_dag.py
[2026-05-21T23:33:24.941+0000] {processor.py:830} INFO - Processing file /opt/airflow/dags/etl_dag.py for tasks to queue
[2026-05-21T23:33:24.941+0000] {logging_mixin.py:188} INFO - [2026-05-21T23:33:24.941+0000] {dagbag.py:538} INFO - Filling up the DagBag from /opt/airflow/dags/etl_dag.py
[2026-05-21T23:33:25.163+0000] {processor.py:840} INFO - DAG(s) 'etl_pipeline' retrieved from /opt/airflow/dags/etl_dag.py
[2026-05-21T23:33:25.182+0000] {logging_mixin.py:188} INFO - [2026-05-21T23:33:25.182+0000] {dag.py:3036} INFO - Sync 1 DAGs
[2026-05-21T23:33:25.198+0000] {logging_mixin.py:188} INFO - [2026-05-21T23:33:25.198+0000] {dag.py:3823} INFO - Setting next_dagrun for etl_pipeline to 2026-05-21 00:00:00+00:00, run_after=2026-05-22 00:00:00+00:00
[2026-05-21T23:33:25.213+0000] {processor.py:183} INFO - Processing /opt/airflow/dags/etl_dag.py took 0.276 seconds
[2026-05-21T23:33:56.163+0000] {processor.py:161} INFO - Started process (PID=144) to work on /opt/airflow/dags/etl_dag.py
[2026-05-21T23:33:56.164+0000] {processor.py:830} INFO - Processing file /opt/airflow/dags/etl_dag.py for tasks to queue
[2026-05-21T23:33:56.165+0000] {logging_mixin.py:188} INFO - [2026-05-21T23:33:56.165+0000] {dagbag.py:538} INFO - Filling up the DagBag from /opt/airflow/dags/etl_dag.py
[2026-05-21T23:33:56.383+0000] {processor.py:840} INFO - DAG(s) 'etl_pipeline' retrieved from /opt/airflow/dags/etl_dag.py
[2026-05-21T23:33:56.405+0000] {logging_mixin.py:188} INFO - [2026-05-21T23:33:56.405+0000] {dag.py:3036} INFO - Sync 1 DAGs
[2026-05-21T23:33:56.420+0000] {logging_mixin.py:188} INFO - [2026-05-21T23:33:56.420+0000] {dag.py:3823} INFO - Setting next_dagrun for etl_pipeline to 2026-05-21 00:00:00+00:00, run_after=2026-05-22 00:00:00+00:00
[2026-05-21T23:33:56.435+0000] {processor.py:183} INFO - Processing /opt/airflow/dags/etl_dag.py took 0.275 seconds
[2026-05-21T23:34:27.424+0000] {processor.py:161} INFO - Started process (PID=152) to work on /opt/airflow/dags/etl_dag.py
[2026-05-21T23:34:27.424+0000] {processor.py:830} INFO - Processing file /opt/airflow/dags/etl_dag.py for tasks to queue
[2026-05-21T23:34:27.425+0000] {logging_mixin.py:188} INFO - [2026-05-21T23:34:27.425+0000] {dagbag.py:538} INFO - Filling up the DagBag from /opt/airflow/dags/etl_dag.py
[2026-05-21T23:34:27.677+0000] {processor.py:840} INFO - DAG(s) 'etl_pipeline' retrieved from /opt/airflow/dags/etl_dag.py
[2026-05-21T23:34:27.694+0000] {logging_mixin.py:188} INFO - [2026-05-21T23:34:27.693+0000] {dag.py:3036} INFO - Sync 1 DAGs
[2026-05-21T23:34:27.709+0000] {logging_mixin.py:188} INFO - [2026-05-21T23:34:27.709+0000] {dag.py:3823} INFO - Setting next_dagrun for etl_pipeline to 2026-05-21 00:00:00+00:00, run_after=2026-05-22 00:00:00+00:00
[2026-05-21T23:34:27.725+0000] {processor.py:183} INFO - Processing /opt/airflow/dags/etl_dag.py took 0.304 seconds
[2026-05-21T23:34:58.689+0000] {processor.py:161} INFO - Started process (PID=154) to work on /opt/airflow/dags/etl_dag.py
[2026-05-21T23:34:58.690+0000] {processor.py:830} INFO - Processing file /opt/airflow/dags/etl_dag.py for tasks to queue
[2026-05-21T23:34:58.691+0000] {logging_mixin.py:188} INFO - [2026-05-21T23:34:58.691+0000] {dagbag.py:538} INFO - Filling up the DagBag from /opt/airflow/dags/etl_dag.py
[2026-05-21T23:34:58.979+0000] {processor.py:840} INFO - DAG(s) 'etl_pipeline' retrieved from /opt/airflow/dags/etl_dag.py
[2026-05-21T23:34:58.996+0000] {logging_mixin.py:188} INFO - [2026-05-21T23:34:58.995+0000] {dag.py:3036} INFO - Sync 1 DAGs
[2026-05-21T23:34:59.012+0000] {logging_mixin.py:188} INFO - [2026-05-21T23:34:59.012+0000] {dag.py:3823} INFO - Setting next_dagrun for etl_pipeline to 2026-05-21 00:00:00+00:00, run_after=2026-05-22 00:00:00+00:00
[2026-05-21T23:34:59.078+0000] {processor.py:183} INFO - Processing /opt/airflow/dags/etl_dag.py took 0.392 seconds
[2026-05-21T23:35:29.152+0000] {processor.py:161} INFO - Started process (PID=162) to work on /opt/airflow/dags/etl_dag.py
[2026-05-21T23:35:29.152+0000] {processor.py:830} INFO - Processing file /opt/airflow/dags/etl_dag.py for tasks to queue
[2026-05-21T23:35:29.153+0000] {logging_mixin.py:188} INFO - [2026-05-21T23:35:29.153+0000] {dagbag.py:538} INFO - Filling up the DagBag from /opt/airflow/dags/etl_dag.py
[2026-05-21T23:35:29.406+0000] {processor.py:840} INFO - DAG(s) 'etl_pipeline' retrieved from /opt/airflow/dags/etl_dag.py
[2026-05-21T23:35:29.423+0000] {logging_mixin.py:188} INFO - [2026-05-21T23:35:29.422+0000] {dag.py:3036} INFO - Sync 1 DAGs
[2026-05-21T23:35:29.438+0000] {logging_mixin.py:188} INFO - [2026-05-21T23:35:29.438+0000] {dag.py:3823} INFO - Setting next_dagrun for etl_pipeline to 2026-05-21 00:00:00+00:00, run_after=2026-05-22 00:00:00+00:00
[2026-05-21T23:35:29.455+0000] {processor.py:183} INFO - Processing /opt/airflow/dags/etl_dag.py took 0.306 seconds
[2026-05-21T23:35:59.613+0000] {processor.py:161} INFO - Started process (PID=164) to work on /opt/airflow/dags/etl_dag.py
[2026-05-21T23:35:59.614+0000] {processor.py:830} INFO - Processing file /opt/airflow/dags/etl_dag.py for tasks to queue
[2026-05-21T23:35:59.615+0000] {logging_mixin.py:188} INFO - [2026-05-21T23:35:59.614+0000] {dagbag.py:538} INFO - Filling up the DagBag from /opt/airflow/dags/etl_dag.py
[2026-05-21T23:35:59.828+0000] {processor.py:840} INFO - DAG(s) 'etl_pipeline' retrieved from /opt/airflow/dags/etl_dag.py
[2026-05-21T23:35:59.847+0000] {logging_mixin.py:188} INFO - [2026-05-21T23:35:59.847+0000] {dag.py:3036} INFO - Sync 1 DAGs
[2026-05-21T23:35:59.868+0000] {logging_mixin.py:188} INFO - [2026-05-21T23:35:59.867+0000] {dag.py:3823} INFO - Setting next_dagrun for etl_pipeline to 2026-05-21 00:00:00+00:00, run_after=2026-05-22 00:00:00+00:00
[2026-05-21T23:35:59.885+0000] {processor.py:183} INFO - Processing /opt/airflow/dags/etl_dag.py took 0.275 seconds
[2026-05-21T23:36:29.978+0000] {processor.py:161} INFO - Started process (PID=172) to work on /opt/airflow/dags/etl_dag.py
[2026-05-21T23:36:29.979+0000] {processor.py:830} INFO - Processing file /opt/airflow/dags/etl_dag.py for tasks to queue
[2026-05-21T23:36:29.980+0000] {logging_mixin.py:188} INFO - [2026-05-21T23:36:29.980+0000] {dagbag.py:538} INFO - Filling up the DagBag from /opt/airflow/dags/etl_dag.py
[2026-05-21T23:36:30.195+0000] {processor.py:840} INFO - DAG(s) 'etl_pipeline' retrieved from /opt/airflow/dags/etl_dag.py
[2026-05-21T23:36:30.217+0000] {logging_mixin.py:188} INFO - [2026-05-21T23:36:30.216+0000] {dag.py:3036} INFO - Sync 1 DAGs
[2026-05-21T23:36:30.244+0000] {logging_mixin.py:188} INFO - [2026-05-21T23:36:30.244+0000] {dag.py:3823} INFO - Setting next_dagrun for etl_pipeline to 2026-05-21 00:00:00+00:00, run_after=2026-05-22 00:00:00+00:00
[2026-05-21T23:36:30.266+0000] {processor.py:183} INFO - Processing /opt/airflow/dags/etl_dag.py took 0.290 seconds
[2026-05-21T23:37:00.348+0000] {processor.py:161} INFO - Started process (PID=180) to work on /opt/airflow/dags/etl_dag.py
[2026-05-21T23:37:00.349+0000] {processor.py:830} INFO - Processing file /opt/airflow/dags/etl_dag.py for tasks to queue
[2026-05-21T23:37:00.350+0000] {logging_mixin.py:188} INFO - [2026-05-21T23:37:00.349+0000] {dagbag.py:538} INFO - Filling up the DagBag from /opt/airflow/dags/etl_dag.py
[2026-05-21T23:37:00.566+0000] {processor.py:840} INFO - DAG(s) 'etl_pipeline' retrieved from /opt/airflow/dags/etl_dag.py
[2026-05-21T23:37:00.584+0000] {logging_mixin.py:188} INFO - [2026-05-21T23:37:00.584+0000] {dag.py:3036} INFO - Sync 1 DAGs
[2026-05-21T23:37:00.599+0000] {logging_mixin.py:188} INFO - [2026-05-21T23:37:00.599+0000] {dag.py:3823} INFO - Setting next_dagrun for etl_pipeline to 2026-05-21 00:00:00+00:00, run_after=2026-05-22 00:00:00+00:00
[2026-05-21T23:37:00.614+0000] {processor.py:183} INFO - Processing /opt/airflow/dags/etl_dag.py took 0.270 seconds
[2026-05-21T23:37:30.759+0000] {processor.py:161} INFO - Started process (PID=182) to work on /opt/airflow/dags/etl_dag.py
[2026-05-21T23:37:30.760+0000] {processor.py:830} INFO - Processing file /opt/airflow/dags/etl_dag.py for tasks to queue
[2026-05-21T23:37:30.764+0000] {logging_mixin.py:188} INFO - [2026-05-21T23:37:30.762+0000] {dagbag.py:538} INFO - Filling up the DagBag from /opt/airflow/dags/etl_dag.py
[2026-05-21T23:37:31.148+0000] {processor.py:840} INFO - DAG(s) 'etl_pipeline' retrieved from /opt/airflow/dags/etl_dag.py
[2026-05-21T23:37:31.164+0000] {logging_mixin.py:188} INFO - [2026-05-21T23:37:31.164+0000] {dag.py:3036} INFO - Sync 1 DAGs
[2026-05-21T23:37:31.182+0000] {logging_mixin.py:188} INFO - [2026-05-21T23:37:31.182+0000] {dag.py:3823} INFO - Setting next_dagrun for etl_pipeline to 2026-05-21 00:00:00+00:00, run_after=2026-05-22 00:00:00+00:00
[2026-05-21T23:37:31.196+0000] {processor.py:183} INFO - Processing /opt/airflow/dags/etl_dag.py took 0.447 seconds
[2026-05-21T23:38:01.317+0000] {processor.py:161} INFO - Started process (PID=184) to work on /opt/airflow/dags/etl_dag.py
[2026-05-21T23:38:01.319+0000] {processor.py:830} INFO - Processing file /opt/airflow/dags/etl_dag.py for tasks to queue
[2026-05-21T23:38:01.320+0000] {logging_mixin.py:188} INFO - [2026-05-21T23:38:01.319+0000] {dagbag.py:538} INFO - Filling up the DagBag from /opt/airflow/dags/etl_dag.py
[2026-05-21T23:38:01.619+0000] {processor.py:840} INFO - DAG(s) 'etl_pipeline' retrieved from /opt/airflow/dags/etl_dag.py
[2026-05-21T23:38:01.643+0000] {logging_mixin.py:188} INFO - [2026-05-21T23:38:01.643+0000] {dag.py:3036} INFO - Sync 1 DAGs
[2026-05-21T23:38:01.675+0000] {logging_mixin.py:188} INFO - [2026-05-21T23:38:01.674+0000] {dag.py:3823} INFO - Setting next_dagrun for etl_pipeline to 2026-05-21 00:00:00+00:00, run_after=2026-05-22 00:00:00+00:00
[2026-05-21T23:38:01.691+0000] {processor.py:183} INFO - Processing /opt/airflow/dags/etl_dag.py took 0.378 seconds
[2026-05-21T23:38:33.959+0000] {processor.py:161} INFO - Started process (PID=196) to work on /opt/airflow/dags/etl_dag.py
[2026-05-21T23:38:33.960+0000] {processor.py:830} INFO - Processing file /opt/airflow/dags/etl_dag.py for tasks to queue
[2026-05-21T23:38:33.961+0000] {logging_mixin.py:188} INFO - [2026-05-21T23:38:33.960+0000] {dagbag.py:538} INFO - Filling up the DagBag from /opt/airflow/dags/etl_dag.py
[2026-05-21T23:38:34.222+0000] {processor.py:840} INFO - DAG(s) 'etl_pipeline' retrieved from /opt/airflow/dags/etl_dag.py
[2026-05-21T23:38:34.242+0000] {logging_mixin.py:188} INFO - [2026-05-21T23:38:34.242+0000] {dag.py:3036} INFO - Sync 1 DAGs
[2026-05-21T23:38:34.268+0000] {logging_mixin.py:188} INFO - [2026-05-21T23:38:34.268+0000] {dag.py:3823} INFO - Setting next_dagrun for etl_pipeline to 2026-05-21 00:00:00+00:00, run_after=2026-05-22 00:00:00+00:00
[2026-05-21T23:38:34.293+0000] {processor.py:183} INFO - Processing /opt/airflow/dags/etl_dag.py took 0.338 seconds
[2026-05-21T23:39:04.969+0000] {processor.py:161} INFO - Started process (PID=216) to work on /opt/airflow/dags/etl_dag.py
[2026-05-21T23:39:04.970+0000] {processor.py:830} INFO - Processing file /opt/airflow/dags/etl_dag.py for tasks to queue
[2026-05-21T23:39:04.971+0000] {logging_mixin.py:188} INFO - [2026-05-21T23:39:04.971+0000] {dagbag.py:538} INFO - Filling up the DagBag from /opt/airflow/dags/etl_dag.py
[2026-05-21T23:39:05.183+0000] {processor.py:840} INFO - DAG(s) 'etl_pipeline' retrieved from /opt/airflow/dags/etl_dag.py
[2026-05-21T23:39:05.199+0000] {logging_mixin.py:188} INFO - [2026-05-21T23:39:05.199+0000] {dag.py:3036} INFO - Sync 1 DAGs
[2026-05-21T23:39:05.215+0000] {logging_mixin.py:188} INFO - [2026-05-21T23:39:05.215+0000] {dag.py:3823} INFO - Setting next_dagrun for etl_pipeline to 2026-05-21 00:00:00+00:00, run_after=2026-05-22 00:00:00+00:00
[2026-05-21T23:39:05.230+0000] {processor.py:183} INFO - Processing /opt/airflow/dags/etl_dag.py took 0.263 seconds
[2026-05-21T23:39:35.510+0000] {processor.py:161} INFO - Started process (PID=218) to work on /opt/airflow/dags/etl_dag.py
[2026-05-21T23:39:35.511+0000] {processor.py:830} INFO - Processing file /opt/airflow/dags/etl_dag.py for tasks to queue
[2026-05-21T23:39:35.511+0000] {logging_mixin.py:188} INFO - [2026-05-21T23:39:35.511+0000] {dagbag.py:538} INFO - Filling up the DagBag from /opt/airflow/dags/etl_dag.py
[2026-05-21T23:39:35.717+0000] {processor.py:840} INFO - DAG(s) 'etl_pipeline' retrieved from /opt/airflow/dags/etl_dag.py
[2026-05-21T23:39:35.733+0000] {logging_mixin.py:188} INFO - [2026-05-21T23:39:35.733+0000] {dag.py:3036} INFO - Sync 1 DAGs
[2026-05-21T23:39:35.749+0000] {logging_mixin.py:188} INFO - [2026-05-21T23:39:35.749+0000] {dag.py:3823} INFO - Setting next_dagrun for etl_pipeline to 2026-05-21 00:00:00+00:00, run_after=2026-05-22 00:00:00+00:00
[2026-05-21T23:39:35.764+0000] {processor.py:183} INFO - Processing /opt/airflow/dags/etl_dag.py took 0.257 seconds
[2026-05-21T23:40:06.191+0000] {processor.py:161} INFO - Started process (PID=231) to work on /opt/airflow/dags/etl_dag.py
[2026-05-21T23:40:06.192+0000] {processor.py:830} INFO - Processing file /opt/airflow/dags/etl_dag.py for tasks to queue
[2026-05-21T23:40:06.193+0000] {logging_mixin.py:188} INFO - [2026-05-21T23:40:06.193+0000] {dagbag.py:538} INFO - Filling up the DagBag from /opt/airflow/dags/etl_dag.py
[2026-05-21T23:40:06.416+0000] {processor.py:840} INFO - DAG(s) 'etl_pipeline' retrieved from /opt/airflow/dags/etl_dag.py
[2026-05-21T23:40:06.434+0000] {logging_mixin.py:188} INFO - [2026-05-21T23:40:06.434+0000] {dag.py:3036} INFO - Sync 1 DAGs
[2026-05-21T23:40:06.451+0000] {logging_mixin.py:188} INFO - [2026-05-21T23:40:06.450+0000] {dag.py:3823} INFO - Setting next_dagrun for etl_pipeline to 2026-05-21 00:00:00+00:00, run_after=2026-05-22 00:00:00+00:00
[2026-05-21T23:40:06.473+0000] {processor.py:183} INFO - Processing /opt/airflow/dags/etl_dag.py took 0.284 seconds
[2026-05-21T23:40:37.269+0000] {processor.py:161} INFO - Started process (PID=233) to work on /opt/airflow/dags/etl_dag.py
[2026-05-21T23:40:37.270+0000] {processor.py:830} INFO - Processing file /opt/airflow/dags/etl_dag.py for tasks to queue
[2026-05-21T23:40:37.271+0000] {logging_mixin.py:188} INFO - [2026-05-21T23:40:37.270+0000] {dagbag.py:538} INFO - Filling up the DagBag from /opt/airflow/dags/etl_dag.py
[2026-05-21T23:40:37.497+0000] {processor.py:840} INFO - DAG(s) 'etl_pipeline' retrieved from /opt/airflow/dags/etl_dag.py
[2026-05-21T23:40:37.513+0000] {logging_mixin.py:188} INFO - [2026-05-21T23:40:37.513+0000] {dag.py:3036} INFO - Sync 1 DAGs
[2026-05-21T23:40:37.528+0000] {logging_mixin.py:188} INFO - [2026-05-21T23:40:37.528+0000] {dag.py:3823} INFO - Setting next_dagrun for etl_pipeline to 2026-05-21 00:00:00+00:00, run_after=2026-05-22 00:00:00+00:00
[2026-05-21T23:40:37.543+0000] {processor.py:183} INFO - Processing /opt/airflow/dags/etl_dag.py took 0.277 seconds
[2026-05-21T23:41:08.509+0000] {processor.py:161} INFO - Started process (PID=235) to work on /opt/airflow/dags/etl_dag.py
[2026-05-21T23:41:08.510+0000] {processor.py:830} INFO - Processing file /opt/airflow/dags/etl_dag.py for tasks to queue
[2026-05-21T23:41:08.511+0000] {logging_mixin.py:188} INFO - [2026-05-21T23:41:08.511+0000] {dagbag.py:538} INFO - Filling up the DagBag from /opt/airflow/dags/etl_dag.py
[2026-05-21T23:41:08.719+0000] {processor.py:840} INFO - DAG(s) 'etl_pipeline' retrieved from /opt/airflow/dags/etl_dag.py
[2026-05-21T23:41:08.737+0000] {logging_mixin.py:188} INFO - [2026-05-21T23:41:08.737+0000] {dag.py:3036} INFO - Sync 1 DAGs
[2026-05-21T23:41:08.770+0000] {logging_mixin.py:188} INFO - [2026-05-21T23:41:08.770+0000] {dag.py:3823} INFO - Setting next_dagrun for etl_pipeline to 2026-05-21 00:00:00+00:00, run_after=2026-05-22 00:00:00+00:00
[2026-05-21T23:41:08.792+0000] {processor.py:183} INFO - Processing /opt/airflow/dags/etl_dag.py took 0.285 seconds
[2026-05-21T23:41:39.071+0000] {processor.py:161} INFO - Started process (PID=237) to work on /opt/airflow/dags/etl_dag.py
[2026-05-21T23:41:39.072+0000] {processor.py:830} INFO - Processing file /opt/airflow/dags/etl_dag.py for tasks to queue
[2026-05-21T23:41:39.073+0000] {logging_mixin.py:188} INFO - [2026-05-21T23:41:39.072+0000] {dagbag.py:538} INFO - Filling up the DagBag from /opt/airflow/dags/etl_dag.py
[2026-05-21T23:41:39.284+0000] {processor.py:840} INFO - DAG(s) 'etl_pipeline' retrieved from /opt/airflow/dags/etl_dag.py
[2026-05-21T23:41:39.301+0000] {logging_mixin.py:188} INFO - [2026-05-21T23:41:39.301+0000] {dag.py:3036} INFO - Sync 1 DAGs
[2026-05-21T23:41:39.318+0000] {logging_mixin.py:188} INFO - [2026-05-21T23:41:39.318+0000] {dag.py:3823} INFO - Setting next_dagrun for etl_pipeline to 2026-05-21 00:00:00+00:00, run_after=2026-05-22 00:00:00+00:00
[2026-05-21T23:41:39.333+0000] {processor.py:183} INFO - Processing /opt/airflow/dags/etl_dag.py took 0.265 seconds
[2026-05-21T23:42:09.667+0000] {processor.py:161} INFO - Started process (PID=239) to work on /opt/airflow/dags/etl_dag.py
[2026-05-21T23:42:09.668+0000] {processor.py:830} INFO - Processing file /opt/airflow/dags/etl_dag.py for tasks to queue
[2026-05-21T23:42:09.669+0000] {logging_mixin.py:188} INFO - [2026-05-21T23:42:09.668+0000] {dagbag.py:538} INFO - Filling up the DagBag from /opt/airflow/dags/etl_dag.py
[2026-05-21T23:42:09.930+0000] {processor.py:840} INFO - DAG(s) 'etl_pipeline' retrieved from /opt/airflow/dags/etl_dag.py
[2026-05-21T23:42:09.964+0000] {logging_mixin.py:188} INFO - [2026-05-21T23:42:09.964+0000] {dag.py:3036} INFO - Sync 1 DAGs
[2026-05-21T23:42:09.998+0000] {logging_mixin.py:188} INFO - [2026-05-21T23:42:09.998+0000] {dag.py:3823} INFO - Setting next_dagrun for etl_pipeline to 2026-05-21 00:00:00+00:00, run_after=2026-05-22 00:00:00+00:00
[2026-05-21T23:42:10.016+0000] {processor.py:183} INFO - Processing /opt/airflow/dags/etl_dag.py took 0.357 seconds
[2026-05-21T23:42:40.318+0000] {processor.py:161} INFO - Started process (PID=241) to work on /opt/airflow/dags/etl_dag.py
[2026-05-21T23:42:40.318+0000] {processor.py:830} INFO - Processing file /opt/airflow/dags/etl_dag.py for tasks to queue
[2026-05-21T23:42:40.319+0000] {logging_mixin.py:188} INFO - [2026-05-21T23:42:40.319+0000] {dagbag.py:538} INFO - Filling up the DagBag from /opt/airflow/dags/etl_dag.py
[2026-05-21T23:42:40.530+0000] {processor.py:840} INFO - DAG(s) 'etl_pipeline' retrieved from /opt/airflow/dags/etl_dag.py
[2026-05-21T23:42:40.547+0000] {logging_mixin.py:188} INFO - [2026-05-21T23:42:40.546+0000] {dag.py:3036} INFO - Sync 1 DAGs
[2026-05-21T23:42:40.565+0000] {logging_mixin.py:188} INFO - [2026-05-21T23:42:40.565+0000] {dag.py:3823} INFO - Setting next_dagrun for etl_pipeline to 2026-05-21 00:00:00+00:00, run_after=2026-05-22 00:00:00+00:00
[2026-05-21T23:42:40.581+0000] {processor.py:183} INFO - Processing /opt/airflow/dags/etl_dag.py took 0.266 seconds
[2026-05-21T23:43:10.822+0000] {processor.py:161} INFO - Started process (PID=243) to work on /opt/airflow/dags/etl_dag.py
[2026-05-21T23:43:10.823+0000] {processor.py:830} INFO - Processing file /opt/airflow/dags/etl_dag.py for tasks to queue
[2026-05-21T23:43:10.824+0000] {logging_mixin.py:188} INFO - [2026-05-21T23:43:10.823+0000] {dagbag.py:538} INFO - Filling up the DagBag from /opt/airflow/dags/etl_dag.py
[2026-05-21T23:43:11.058+0000] {processor.py:840} INFO - DAG(s) 'etl_pipeline' retrieved from /opt/airflow/dags/etl_dag.py
[2026-05-21T23:43:11.076+0000] {logging_mixin.py:188} INFO - [2026-05-21T23:43:11.076+0000] {dag.py:3036} INFO - Sync 1 DAGs
[2026-05-21T23:43:11.091+0000] {logging_mixin.py:188} INFO - [2026-05-21T23:43:11.091+0000] {dag.py:3823} INFO - Setting next_dagrun for etl_pipeline to 2026-05-21 00:00:00+00:00, run_after=2026-05-22 00:00:00+00:00
[2026-05-21T23:43:11.106+0000] {processor.py:183} INFO - Processing /opt/airflow/dags/etl_dag.py took 0.287 seconds
[2026-05-21T23:43:41.358+0000] {processor.py:161} INFO - Started process (PID=245) to work on /opt/airflow/dags/etl_dag.py
[2026-05-21T23:43:41.358+0000] {processor.py:830} INFO - Processing file /opt/airflow/dags/etl_dag.py for tasks to queue
[2026-05-21T23:43:41.359+0000] {logging_mixin.py:188} INFO - [2026-05-21T23:43:41.359+0000] {dagbag.py:538} INFO - Filling up the DagBag from /opt/airflow/dags/etl_dag.py
[2026-05-21T23:43:41.578+0000] {processor.py:840} INFO - DAG(s) 'etl_pipeline' retrieved from /opt/airflow/dags/etl_dag.py
[2026-05-21T23:43:41.596+0000] {logging_mixin.py:188} INFO - [2026-05-21T23:43:41.595+0000] {dag.py:3036} INFO - Sync 1 DAGs
[2026-05-21T23:43:41.612+0000] {logging_mixin.py:188} INFO - [2026-05-21T23:43:41.612+0000] {dag.py:3823} INFO - Setting next_dagrun for etl_pipeline to 2026-05-21 00:00:00+00:00, run_after=2026-05-22 00:00:00+00:00
[2026-05-21T23:43:41.666+0000] {processor.py:183} INFO - Processing /opt/airflow/dags/etl_dag.py took 0.311 seconds
[2026-05-21T23:44:12.032+0000] {processor.py:161} INFO - Started process (PID=247) to work on /opt/airflow/dags/etl_dag.py
[2026-05-21T23:44:12.034+0000] {processor.py:830} INFO - Processing file /opt/airflow/dags/etl_dag.py for tasks to queue
[2026-05-21T23:44:12.035+0000] {logging_mixin.py:188} INFO - [2026-05-21T23:44:12.035+0000] {dagbag.py:538} INFO - Filling up the DagBag from /opt/airflow/dags/etl_dag.py
[2026-05-21T23:44:12.268+0000] {processor.py:840} INFO - DAG(s) 'etl_pipeline' retrieved from /opt/airflow/dags/etl_dag.py
[2026-05-21T23:44:12.286+0000] {logging_mixin.py:188} INFO - [2026-05-21T23:44:12.286+0000] {dag.py:3036} INFO - Sync 1 DAGs
[2026-05-21T23:44:12.305+0000] {logging_mixin.py:188} INFO - [2026-05-21T23:44:12.305+0000] {dag.py:3823} INFO - Setting next_dagrun for etl_pipeline to 2026-05-21 00:00:00+00:00, run_after=2026-05-22 00:00:00+00:00
[2026-05-21T23:44:12.322+0000] {processor.py:183} INFO - Processing /opt/airflow/dags/etl_dag.py took 0.293 seconds
[2026-05-21T23:44:42.688+0000] {processor.py:161} INFO - Started process (PID=257) to work on /opt/airflow/dags/etl_dag.py
[2026-05-21T23:44:42.689+0000] {processor.py:830} INFO - Processing file /opt/airflow/dags/etl_dag.py for tasks to queue
[2026-05-21T23:44:42.690+0000] {logging_mixin.py:188} INFO - [2026-05-21T23:44:42.689+0000] {dagbag.py:538} INFO - Filling up the DagBag from /opt/airflow/dags/etl_dag.py
[2026-05-21T23:44:43.013+0000] {processor.py:840} INFO - DAG(s) 'etl_pipeline' retrieved from /opt/airflow/dags/etl_dag.py
[2026-05-21T23:44:43.030+0000] {logging_mixin.py:188} INFO - [2026-05-21T23:44:43.030+0000] {dag.py:3036} INFO - Sync 1 DAGs
[2026-05-21T23:44:43.048+0000] {logging_mixin.py:188} INFO - [2026-05-21T23:44:43.048+0000] {dag.py:3823} INFO - Setting next_dagrun for etl_pipeline to 2026-05-21 00:00:00+00:00, run_after=2026-05-22 00:00:00+00:00
[2026-05-21T23:44:43.064+0000] {processor.py:183} INFO - Processing /opt/airflow/dags/etl_dag.py took 0.389 seconds
[2026-05-21T23:45:13.368+0000] {processor.py:161} INFO - Started process (PID=259) to work on /opt/airflow/dags/etl_dag.py
[2026-05-21T23:45:13.369+0000] {processor.py:830} INFO - Processing file /opt/airflow/dags/etl_dag.py for tasks to queue
[2026-05-21T23:45:13.370+0000] {logging_mixin.py:188} INFO - [2026-05-21T23:45:13.370+0000] {dagbag.py:538} INFO - Filling up the DagBag from /opt/airflow/dags/etl_dag.py
[2026-05-21T23:45:13.577+0000] {processor.py:840} INFO - DAG(s) 'etl_pipeline' retrieved from /opt/airflow/dags/etl_dag.py
[2026-05-21T23:45:13.598+0000] {logging_mixin.py:188} INFO - [2026-05-21T23:45:13.598+0000] {dag.py:3036} INFO - Sync 1 DAGs
[2026-05-21T23:45:13.615+0000] {logging_mixin.py:188} INFO - [2026-05-21T23:45:13.614+0000] {dag.py:3823} INFO - Setting next_dagrun for etl_pipeline to 2026-05-21 00:00:00+00:00, run_after=2026-05-22 00:00:00+00:00
[2026-05-21T23:45:13.677+0000] {processor.py:183} INFO - Processing /opt/airflow/dags/etl_dag.py took 0.311 seconds
[2026-05-21T23:45:43.879+0000] {processor.py:161} INFO - Started process (PID=261) to work on /opt/airflow/dags/etl_dag.py
[2026-05-21T23:45:43.880+0000] {processor.py:830} INFO - Processing file /opt/airflow/dags/etl_dag.py for tasks to queue
[2026-05-21T23:45:43.882+0000] {logging_mixin.py:188} INFO - [2026-05-21T23:45:43.881+0000] {dagbag.py:538} INFO - Filling up the DagBag from /opt/airflow/dags/etl_dag.py
[2026-05-21T23:45:44.098+0000] {processor.py:840} INFO - DAG(s) 'etl_pipeline' retrieved from /opt/airflow/dags/etl_dag.py
[2026-05-21T23:45:44.114+0000] {logging_mixin.py:188} INFO - [2026-05-21T23:45:44.114+0000] {dag.py:3036} INFO - Sync 1 DAGs
[2026-05-21T23:45:44.130+0000] {logging_mixin.py:188} INFO - [2026-05-21T23:45:44.130+0000] {dag.py:3823} INFO - Setting next_dagrun for etl_pipeline to 2026-05-21 00:00:00+00:00, run_after=2026-05-22 00:00:00+00:00
[2026-05-21T23:45:44.145+0000] {processor.py:183} INFO - Processing /opt/airflow/dags/etl_dag.py took 0.272 seconds
[2026-05-21T23:46:14.268+0000] {processor.py:161} INFO - Started process (PID=263) to work on /opt/airflow/dags/etl_dag.py
[2026-05-21T23:46:14.269+0000] {processor.py:830} INFO - Processing file /opt/airflow/dags/etl_dag.py for tasks to queue
[2026-05-21T23:46:14.270+0000] {logging_mixin.py:188} INFO - [2026-05-21T23:46:14.269+0000] {dagbag.py:538} INFO - Filling up the DagBag from /opt/airflow/dags/etl_dag.py
[2026-05-21T23:46:14.486+0000] {processor.py:840} INFO - DAG(s) 'etl_pipeline' retrieved from /opt/airflow/dags/etl_dag.py
[2026-05-21T23:46:14.504+0000] {logging_mixin.py:188} INFO - [2026-05-21T23:46:14.504+0000] {dag.py:3036} INFO - Sync 1 DAGs
[2026-05-21T23:46:14.519+0000] {logging_mixin.py:188} INFO - [2026-05-21T23:46:14.519+0000] {dag.py:3823} INFO - Setting next_dagrun for etl_pipeline to 2026-05-21 00:00:00+00:00, run_after=2026-05-22 00:00:00+00:00
[2026-05-21T23:46:14.533+0000] {processor.py:183} INFO - Processing /opt/airflow/dags/etl_dag.py took 0.268 seconds
[2026-05-21T23:46:44.666+0000] {processor.py:161} INFO - Started process (PID=265) to work on /opt/airflow/dags/etl_dag.py
[2026-05-21T23:46:44.667+0000] {processor.py:830} INFO - Processing file /opt/airflow/dags/etl_dag.py for tasks to queue
[2026-05-21T23:46:44.668+0000] {logging_mixin.py:188} INFO - [2026-05-21T23:46:44.667+0000] {dagbag.py:538} INFO - Filling up the DagBag from /opt/airflow/dags/etl_dag.py
[2026-05-21T23:46:44.883+0000] {processor.py:840} INFO - DAG(s) 'etl_pipeline' retrieved from /opt/airflow/dags/etl_dag.py
[2026-05-21T23:46:44.900+0000] {logging_mixin.py:188} INFO - [2026-05-21T23:46:44.900+0000] {dag.py:3036} INFO - Sync 1 DAGs
[2026-05-21T23:46:44.915+0000] {logging_mixin.py:188} INFO - [2026-05-21T23:46:44.915+0000] {dag.py:3823} INFO - Setting next_dagrun for etl_pipeline to 2026-05-21 00:00:00+00:00, run_after=2026-05-22 00:00:00+00:00
[2026-05-21T23:46:44.930+0000] {processor.py:183} INFO - Processing /opt/airflow/dags/etl_dag.py took 0.267 seconds
[2026-05-21T23:46:59.160+0000] {processor.py:161} INFO - Started process (PID=267) to work on /opt/airflow/dags/etl_dag.py
[2026-05-21T23:46:59.161+0000] {processor.py:830} INFO - Processing file /opt/airflow/dags/etl_dag.py for tasks to queue
[2026-05-21T23:46:59.162+0000] {logging_mixin.py:188} INFO - [2026-05-21T23:46:59.162+0000] {dagbag.py:538} INFO - Filling up the DagBag from /opt/airflow/dags/etl_dag.py
[2026-05-21T23:46:59.166+0000] {logging_mixin.py:188} INFO - [2026-05-21T23:46:59.164+0000] {dagbag.py:348} ERROR - Failed to import: /opt/airflow/dags/etl_dag.py
Traceback (most recent call last):
  File "/home/airflow/.local/lib/python3.10/site-packages/airflow/models/dagbag.py", line 344, in parse
    loader.exec_module(new_module)
  File "<frozen importlib._bootstrap_external>", line 879, in exec_module
  File "<frozen importlib._bootstrap_external>", line 1017, in get_code
  File "<frozen importlib._bootstrap_external>", line 947, in source_to_code
  File "<frozen importlib._bootstrap>", line 241, in _call_with_frames_removed
  File "/opt/airflow/dags/etl_dag.py", line 47
    gold_df.to_parquet(
IndentationError: unexpected indent
[2026-05-21T23:46:59.167+0000] {processor.py:842} WARNING - No viable dags retrieved from /opt/airflow/dags/etl_dag.py
[2026-05-21T23:46:59.181+0000] {processor.py:183} INFO - Processing /opt/airflow/dags/etl_dag.py took 0.024 seconds
[2026-05-21T23:47:00.085+0000] {processor.py:161} INFO - Started process (PID=268) to work on /opt/airflow/dags/etl_dag.py
[2026-05-21T23:47:00.086+0000] {processor.py:830} INFO - Processing file /opt/airflow/dags/etl_dag.py for tasks to queue
[2026-05-21T23:47:00.088+0000] {logging_mixin.py:188} INFO - [2026-05-21T23:47:00.088+0000] {dagbag.py:538} INFO - Filling up the DagBag from /opt/airflow/dags/etl_dag.py
[2026-05-21T23:47:00.093+0000] {logging_mixin.py:188} INFO - [2026-05-21T23:47:00.092+0000] {dagbag.py:348} ERROR - Failed to import: /opt/airflow/dags/etl_dag.py
Traceback (most recent call last):
  File "/home/airflow/.local/lib/python3.10/site-packages/airflow/models/dagbag.py", line 344, in parse
    loader.exec_module(new_module)
  File "<frozen importlib._bootstrap_external>", line 879, in exec_module
  File "<frozen importlib._bootstrap_external>", line 1017, in get_code
  File "<frozen importlib._bootstrap_external>", line 947, in source_to_code
  File "<frozen importlib._bootstrap>", line 241, in _call_with_frames_removed
  File "/opt/airflow/dags/etl_dag.py", line 47
    gold_df.to_parquet(
IndentationError: unexpected indent
[2026-05-21T23:47:00.093+0000] {processor.py:842} WARNING - No viable dags retrieved from /opt/airflow/dags/etl_dag.py
[2026-05-21T23:47:00.116+0000] {processor.py:183} INFO - Processing /opt/airflow/dags/etl_dag.py took 0.034 seconds
[2026-05-21T23:47:30.556+0000] {processor.py:161} INFO - Started process (PID=269) to work on /opt/airflow/dags/etl_dag.py
[2026-05-21T23:47:30.557+0000] {processor.py:830} INFO - Processing file /opt/airflow/dags/etl_dag.py for tasks to queue
[2026-05-21T23:47:30.558+0000] {logging_mixin.py:188} INFO - [2026-05-21T23:47:30.558+0000] {dagbag.py:538} INFO - Filling up the DagBag from /opt/airflow/dags/etl_dag.py
[2026-05-21T23:47:30.561+0000] {logging_mixin.py:188} INFO - [2026-05-21T23:47:30.560+0000] {dagbag.py:348} ERROR - Failed to import: /opt/airflow/dags/etl_dag.py
Traceback (most recent call last):
  File "/home/airflow/.local/lib/python3.10/site-packages/airflow/models/dagbag.py", line 344, in parse
    loader.exec_module(new_module)
  File "<frozen importlib._bootstrap_external>", line 879, in exec_module
  File "<frozen importlib._bootstrap_external>", line 1017, in get_code
  File "<frozen importlib._bootstrap_external>", line 947, in source_to_code
  File "<frozen importlib._bootstrap>", line 241, in _call_with_frames_removed
  File "/opt/airflow/dags/etl_dag.py", line 47
    gold_df.to_parquet(
IndentationError: unexpected indent
[2026-05-21T23:47:30.561+0000] {processor.py:842} WARNING - No viable dags retrieved from /opt/airflow/dags/etl_dag.py
[2026-05-21T23:47:30.575+0000] {processor.py:183} INFO - Processing /opt/airflow/dags/etl_dag.py took 0.022 seconds
[2026-05-21T23:48:00.893+0000] {processor.py:161} INFO - Started process (PID=270) to work on /opt/airflow/dags/etl_dag.py
[2026-05-21T23:48:00.894+0000] {processor.py:830} INFO - Processing file /opt/airflow/dags/etl_dag.py for tasks to queue
[2026-05-21T23:48:00.895+0000] {logging_mixin.py:188} INFO - [2026-05-21T23:48:00.894+0000] {dagbag.py:538} INFO - Filling up the DagBag from /opt/airflow/dags/etl_dag.py
[2026-05-21T23:48:00.898+0000] {logging_mixin.py:188} INFO - [2026-05-21T23:48:00.897+0000] {dagbag.py:348} ERROR - Failed to import: /opt/airflow/dags/etl_dag.py
Traceback (most recent call last):
  File "/home/airflow/.local/lib/python3.10/site-packages/airflow/models/dagbag.py", line 344, in parse
    loader.exec_module(new_module)
  File "<frozen importlib._bootstrap_external>", line 879, in exec_module
  File "<frozen importlib._bootstrap_external>", line 1017, in get_code
  File "<frozen importlib._bootstrap_external>", line 947, in source_to_code
  File "<frozen importlib._bootstrap>", line 241, in _call_with_frames_removed
  File "/opt/airflow/dags/etl_dag.py", line 47
    gold_df.to_parquet(
IndentationError: unexpected indent
[2026-05-21T23:48:00.898+0000] {processor.py:842} WARNING - No viable dags retrieved from /opt/airflow/dags/etl_dag.py
[2026-05-21T23:48:00.912+0000] {processor.py:183} INFO - Processing /opt/airflow/dags/etl_dag.py took 0.022 seconds
[2026-05-21T23:48:13.125+0000] {processor.py:161} INFO - Started process (PID=271) to work on /opt/airflow/dags/etl_dag.py
[2026-05-21T23:48:13.126+0000] {processor.py:830} INFO - Processing file /opt/airflow/dags/etl_dag.py for tasks to queue
[2026-05-21T23:48:13.127+0000] {logging_mixin.py:188} INFO - [2026-05-21T23:48:13.126+0000] {dagbag.py:538} INFO - Filling up the DagBag from /opt/airflow/dags/etl_dag.py
[2026-05-21T23:48:13.128+0000] {logging_mixin.py:188} INFO - [2026-05-21T23:48:13.128+0000] {dagbag.py:325} INFO - File /opt/airflow/dags/etl_dag.py assumed to contain no DAGs. Skipping.
[2026-05-21T23:48:13.128+0000] {processor.py:842} WARNING - No viable dags retrieved from /opt/airflow/dags/etl_dag.py
[2026-05-21T23:48:13.140+0000] {processor.py:183} INFO - Processing /opt/airflow/dags/etl_dag.py took 0.019 seconds
[2026-05-21T23:48:43.342+0000] {processor.py:161} INFO - Started process (PID=272) to work on /opt/airflow/dags/etl_dag.py
[2026-05-21T23:48:43.345+0000] {processor.py:830} INFO - Processing file /opt/airflow/dags/etl_dag.py for tasks to queue
[2026-05-21T23:48:43.347+0000] {logging_mixin.py:188} INFO - [2026-05-21T23:48:43.345+0000] {dagbag.py:538} INFO - Filling up the DagBag from /opt/airflow/dags/etl_dag.py
[2026-05-21T23:48:43.350+0000] {logging_mixin.py:188} INFO - [2026-05-21T23:48:43.350+0000] {dagbag.py:325} INFO - File /opt/airflow/dags/etl_dag.py assumed to contain no DAGs. Skipping.
[2026-05-21T23:48:43.351+0000] {processor.py:842} WARNING - No viable dags retrieved from /opt/airflow/dags/etl_dag.py
[2026-05-21T23:48:43.370+0000] {processor.py:183} INFO - Processing /opt/airflow/dags/etl_dag.py took 0.039 seconds
[2026-05-21T23:49:04.479+0000] {processor.py:161} INFO - Started process (PID=273) to work on /opt/airflow/dags/etl_dag.py
[2026-05-21T23:49:04.480+0000] {processor.py:830} INFO - Processing file /opt/airflow/dags/etl_dag.py for tasks to queue
[2026-05-21T23:49:04.481+0000] {logging_mixin.py:188} INFO - [2026-05-21T23:49:04.480+0000] {dagbag.py:538} INFO - Filling up the DagBag from /opt/airflow/dags/etl_dag.py
[2026-05-21T23:49:04.726+0000] {processor.py:840} INFO - DAG(s) 'etl_pipeline' retrieved from /opt/airflow/dags/etl_dag.py
[2026-05-21T23:49:04.857+0000] {logging_mixin.py:188} INFO - [2026-05-21T23:49:04.856+0000] {dag.py:3036} INFO - Sync 1 DAGs
[2026-05-21T23:49:04.871+0000] {logging_mixin.py:188} INFO - [2026-05-21T23:49:04.870+0000] {dag.py:3823} INFO - Setting next_dagrun for etl_pipeline to 2026-05-21 00:00:00+00:00, run_after=2026-05-22 00:00:00+00:00
[2026-05-21T23:49:04.887+0000] {processor.py:183} INFO - Processing /opt/airflow/dags/etl_dag.py took 0.411 seconds
[2026-05-21T23:49:35.084+0000] {processor.py:161} INFO - Started process (PID=293) to work on /opt/airflow/dags/etl_dag.py
[2026-05-21T23:49:35.085+0000] {processor.py:830} INFO - Processing file /opt/airflow/dags/etl_dag.py for tasks to queue
[2026-05-21T23:49:35.086+0000] {logging_mixin.py:188} INFO - [2026-05-21T23:49:35.085+0000] {dagbag.py:538} INFO - Filling up the DagBag from /opt/airflow/dags/etl_dag.py
[2026-05-21T23:49:35.293+0000] {processor.py:840} INFO - DAG(s) 'etl_pipeline' retrieved from /opt/airflow/dags/etl_dag.py
[2026-05-21T23:49:35.309+0000] {logging_mixin.py:188} INFO - [2026-05-21T23:49:35.309+0000] {dag.py:3036} INFO - Sync 1 DAGs
[2026-05-21T23:49:35.325+0000] {logging_mixin.py:188} INFO - [2026-05-21T23:49:35.325+0000] {dag.py:3823} INFO - Setting next_dagrun for etl_pipeline to 2026-05-21 00:00:00+00:00, run_after=2026-05-22 00:00:00+00:00
[2026-05-21T23:49:35.340+0000] {processor.py:183} INFO - Processing /opt/airflow/dags/etl_dag.py took 0.259 seconds
[2026-05-21T23:50:05.427+0000] {processor.py:161} INFO - Started process (PID=295) to work on /opt/airflow/dags/etl_dag.py
[2026-05-21T23:50:05.428+0000] {processor.py:830} INFO - Processing file /opt/airflow/dags/etl_dag.py for tasks to queue
[2026-05-21T23:50:05.429+0000] {logging_mixin.py:188} INFO - [2026-05-21T23:50:05.428+0000] {dagbag.py:538} INFO - Filling up the DagBag from /opt/airflow/dags/etl_dag.py
[2026-05-21T23:50:05.631+0000] {processor.py:840} INFO - DAG(s) 'etl_pipeline' retrieved from /opt/airflow/dags/etl_dag.py
[2026-05-21T23:50:05.648+0000] {logging_mixin.py:188} INFO - [2026-05-21T23:50:05.648+0000] {dag.py:3036} INFO - Sync 1 DAGs
[2026-05-21T23:50:05.663+0000] {logging_mixin.py:188} INFO - [2026-05-21T23:50:05.663+0000] {dag.py:3823} INFO - Setting next_dagrun for etl_pipeline to 2026-05-21 00:00:00+00:00, run_after=2026-05-22 00:00:00+00:00
[2026-05-21T23:50:05.678+0000] {processor.py:183} INFO - Processing /opt/airflow/dags/etl_dag.py took 0.254 seconds
[2026-05-21T23:50:35.788+0000] {processor.py:161} INFO - Started process (PID=297) to work on /opt/airflow/dags/etl_dag.py
[2026-05-21T23:50:35.789+0000] {processor.py:830} INFO - Processing file /opt/airflow/dags/etl_dag.py for tasks to queue
[2026-05-21T23:50:35.790+0000] {logging_mixin.py:188} INFO - [2026-05-21T23:50:35.789+0000] {dagbag.py:538} INFO - Filling up the DagBag from /opt/airflow/dags/etl_dag.py
[2026-05-21T23:50:35.996+0000] {processor.py:840} INFO - DAG(s) 'etl_pipeline' retrieved from /opt/airflow/dags/etl_dag.py
[2026-05-21T23:50:36.014+0000] {logging_mixin.py:188} INFO - [2026-05-21T23:50:36.013+0000] {dag.py:3036} INFO - Sync 1 DAGs
[2026-05-21T23:50:36.029+0000] {logging_mixin.py:188} INFO - [2026-05-21T23:50:36.029+0000] {dag.py:3823} INFO - Setting next_dagrun for etl_pipeline to 2026-05-21 00:00:00+00:00, run_after=2026-05-22 00:00:00+00:00
[2026-05-21T23:50:36.053+0000] {processor.py:183} INFO - Processing /opt/airflow/dags/etl_dag.py took 0.268 seconds
[2026-05-21T23:51:08.504+0000] {processor.py:161} INFO - Started process (PID=313) to work on /opt/airflow/dags/etl_dag.py
[2026-05-21T23:51:08.505+0000] {processor.py:830} INFO - Processing file /opt/airflow/dags/etl_dag.py for tasks to queue
[2026-05-21T23:51:08.506+0000] {logging_mixin.py:188} INFO - [2026-05-21T23:51:08.505+0000] {dagbag.py:538} INFO - Filling up the DagBag from /opt/airflow/dags/etl_dag.py
[2026-05-21T23:51:08.761+0000] {processor.py:840} INFO - DAG(s) 'etl_pipeline' retrieved from /opt/airflow/dags/etl_dag.py
[2026-05-21T23:51:08.779+0000] {logging_mixin.py:188} INFO - [2026-05-21T23:51:08.778+0000] {dag.py:3036} INFO - Sync 1 DAGs
[2026-05-21T23:51:08.794+0000] {logging_mixin.py:188} INFO - [2026-05-21T23:51:08.794+0000] {dag.py:3823} INFO - Setting next_dagrun for etl_pipeline to 2026-05-21 00:00:00+00:00, run_after=2026-05-22 00:00:00+00:00
[2026-05-21T23:51:08.812+0000] {processor.py:183} INFO - Processing /opt/airflow/dags/etl_dag.py took 0.310 seconds
[2026-05-21T23:51:39.588+0000] {processor.py:161} INFO - Started process (PID=329) to work on /opt/airflow/dags/etl_dag.py
[2026-05-21T23:51:39.589+0000] {processor.py:830} INFO - Processing file /opt/airflow/dags/etl_dag.py for tasks to queue
[2026-05-21T23:51:39.590+0000] {logging_mixin.py:188} INFO - [2026-05-21T23:51:39.590+0000] {dagbag.py:538} INFO - Filling up the DagBag from /opt/airflow/dags/etl_dag.py
[2026-05-21T23:51:39.889+0000] {processor.py:840} INFO - DAG(s) 'etl_pipeline' retrieved from /opt/airflow/dags/etl_dag.py
[2026-05-21T23:51:39.915+0000] {logging_mixin.py:188} INFO - [2026-05-21T23:51:39.915+0000] {dag.py:3036} INFO - Sync 1 DAGs
[2026-05-21T23:51:39.938+0000] {logging_mixin.py:188} INFO - [2026-05-21T23:51:39.938+0000] {dag.py:3823} INFO - Setting next_dagrun for etl_pipeline to 2026-05-21 00:00:00+00:00, run_after=2026-05-22 00:00:00+00:00
[2026-05-21T23:51:39.953+0000] {processor.py:183} INFO - Processing /opt/airflow/dags/etl_dag.py took 0.367 seconds
[2026-05-21T23:52:10.651+0000] {processor.py:161} INFO - Started process (PID=339) to work on /opt/airflow/dags/etl_dag.py
[2026-05-21T23:52:10.652+0000] {processor.py:830} INFO - Processing file /opt/airflow/dags/etl_dag.py for tasks to queue
[2026-05-21T23:52:10.653+0000] {logging_mixin.py:188} INFO - [2026-05-21T23:52:10.653+0000] {dagbag.py:538} INFO - Filling up the DagBag from /opt/airflow/dags/etl_dag.py
[2026-05-21T23:52:10.873+0000] {processor.py:840} INFO - DAG(s) 'etl_pipeline' retrieved from /opt/airflow/dags/etl_dag.py
[2026-05-21T23:52:10.891+0000] {logging_mixin.py:188} INFO - [2026-05-21T23:52:10.890+0000] {dag.py:3036} INFO - Sync 1 DAGs
[2026-05-21T23:52:10.907+0000] {logging_mixin.py:188} INFO - [2026-05-21T23:52:10.907+0000] {dag.py:3823} INFO - Setting next_dagrun for etl_pipeline to 2026-05-21 00:00:00+00:00, run_after=2026-05-22 00:00:00+00:00
[2026-05-21T23:52:10.921+0000] {processor.py:183} INFO - Processing /opt/airflow/dags/etl_dag.py took 0.273 seconds
[2026-05-21T23:52:41.032+0000] {processor.py:161} INFO - Started process (PID=341) to work on /opt/airflow/dags/etl_dag.py
[2026-05-21T23:52:41.033+0000] {processor.py:830} INFO - Processing file /opt/airflow/dags/etl_dag.py for tasks to queue
[2026-05-21T23:52:41.034+0000] {logging_mixin.py:188} INFO - [2026-05-21T23:52:41.034+0000] {dagbag.py:538} INFO - Filling up the DagBag from /opt/airflow/dags/etl_dag.py
[2026-05-21T23:52:41.245+0000] {processor.py:840} INFO - DAG(s) 'etl_pipeline' retrieved from /opt/airflow/dags/etl_dag.py
[2026-05-21T23:52:41.261+0000] {logging_mixin.py:188} INFO - [2026-05-21T23:52:41.261+0000] {dag.py:3036} INFO - Sync 1 DAGs
[2026-05-21T23:52:41.281+0000] {logging_mixin.py:188} INFO - [2026-05-21T23:52:41.281+0000] {dag.py:3823} INFO - Setting next_dagrun for etl_pipeline to 2026-05-21 00:00:00+00:00, run_after=2026-05-22 00:00:00+00:00
[2026-05-21T23:52:41.319+0000] {processor.py:183} INFO - Processing /opt/airflow/dags/etl_dag.py took 0.290 seconds
[2026-05-21T23:53:11.397+0000] {processor.py:161} INFO - Started process (PID=343) to work on /opt/airflow/dags/etl_dag.py
[2026-05-21T23:53:11.397+0000] {processor.py:830} INFO - Processing file /opt/airflow/dags/etl_dag.py for tasks to queue
[2026-05-21T23:53:11.398+0000] {logging_mixin.py:188} INFO - [2026-05-21T23:53:11.398+0000] {dagbag.py:538} INFO - Filling up the DagBag from /opt/airflow/dags/etl_dag.py
[2026-05-21T23:53:11.733+0000] {processor.py:840} INFO - DAG(s) 'etl_pipeline' retrieved from /opt/airflow/dags/etl_dag.py
[2026-05-21T23:53:11.763+0000] {logging_mixin.py:188} INFO - [2026-05-21T23:53:11.763+0000] {dag.py:3036} INFO - Sync 1 DAGs
[2026-05-21T23:53:11.794+0000] {logging_mixin.py:188} INFO - [2026-05-21T23:53:11.793+0000] {dag.py:3823} INFO - Setting next_dagrun for etl_pipeline to 2026-05-21 00:00:00+00:00, run_after=2026-05-22 00:00:00+00:00
[2026-05-21T23:53:11.820+0000] {processor.py:183} INFO - Processing /opt/airflow/dags/etl_dag.py took 0.426 seconds
[2026-05-21T23:53:41.973+0000] {processor.py:161} INFO - Started process (PID=345) to work on /opt/airflow/dags/etl_dag.py
[2026-05-21T23:53:41.974+0000] {processor.py:830} INFO - Processing file /opt/airflow/dags/etl_dag.py for tasks to queue
[2026-05-21T23:53:41.975+0000] {logging_mixin.py:188} INFO - [2026-05-21T23:53:41.975+0000] {dagbag.py:538} INFO - Filling up the DagBag from /opt/airflow/dags/etl_dag.py
[2026-05-21T23:53:42.207+0000] {processor.py:840} INFO - DAG(s) 'etl_pipeline' retrieved from /opt/airflow/dags/etl_dag.py
[2026-05-21T23:53:42.247+0000] {logging_mixin.py:188} INFO - [2026-05-21T23:53:42.247+0000] {dag.py:3036} INFO - Sync 1 DAGs
[2026-05-21T23:53:42.264+0000] {logging_mixin.py:188} INFO - [2026-05-21T23:53:42.264+0000] {dag.py:3823} INFO - Setting next_dagrun for etl_pipeline to 2026-05-21 00:00:00+00:00, run_after=2026-05-22 00:00:00+00:00
[2026-05-21T23:53:42.279+0000] {processor.py:183} INFO - Processing /opt/airflow/dags/etl_dag.py took 0.309 seconds
[2026-05-21T23:54:12.437+0000] {processor.py:161} INFO - Started process (PID=347) to work on /opt/airflow/dags/etl_dag.py
[2026-05-21T23:54:12.438+0000] {processor.py:830} INFO - Processing file /opt/airflow/dags/etl_dag.py for tasks to queue
[2026-05-21T23:54:12.439+0000] {logging_mixin.py:188} INFO - [2026-05-21T23:54:12.439+0000] {dagbag.py:538} INFO - Filling up the DagBag from /opt/airflow/dags/etl_dag.py
[2026-05-21T23:54:12.651+0000] {processor.py:840} INFO - DAG(s) 'etl_pipeline' retrieved from /opt/airflow/dags/etl_dag.py
[2026-05-21T23:54:12.667+0000] {logging_mixin.py:188} INFO - [2026-05-21T23:54:12.667+0000] {dag.py:3036} INFO - Sync 1 DAGs
[2026-05-21T23:54:12.682+0000] {logging_mixin.py:188} INFO - [2026-05-21T23:54:12.682+0000] {dag.py:3823} INFO - Setting next_dagrun for etl_pipeline to 2026-05-21 00:00:00+00:00, run_after=2026-05-22 00:00:00+00:00
[2026-05-21T23:54:12.698+0000] {processor.py:183} INFO - Processing /opt/airflow/dags/etl_dag.py took 0.263 seconds
[2026-05-21T23:54:42.802+0000] {processor.py:161} INFO - Started process (PID=349) to work on /opt/airflow/dags/etl_dag.py
[2026-05-21T23:54:42.803+0000] {processor.py:830} INFO - Processing file /opt/airflow/dags/etl_dag.py for tasks to queue
[2026-05-21T23:54:42.804+0000] {logging_mixin.py:188} INFO - [2026-05-21T23:54:42.804+0000] {dagbag.py:538} INFO - Filling up the DagBag from /opt/airflow/dags/etl_dag.py
[2026-05-21T23:54:43.037+0000] {processor.py:840} INFO - DAG(s) 'etl_pipeline' retrieved from /opt/airflow/dags/etl_dag.py
[2026-05-21T23:54:43.053+0000] {logging_mixin.py:188} INFO - [2026-05-21T23:54:43.053+0000] {dag.py:3036} INFO - Sync 1 DAGs
[2026-05-21T23:54:43.068+0000] {logging_mixin.py:188} INFO - [2026-05-21T23:54:43.068+0000] {dag.py:3823} INFO - Setting next_dagrun for etl_pipeline to 2026-05-21 00:00:00+00:00, run_after=2026-05-22 00:00:00+00:00
[2026-05-21T23:54:43.084+0000] {processor.py:183} INFO - Processing /opt/airflow/dags/etl_dag.py took 0.286 seconds
[2026-05-21T23:55:13.161+0000] {processor.py:161} INFO - Started process (PID=351) to work on /opt/airflow/dags/etl_dag.py
[2026-05-21T23:55:13.162+0000] {processor.py:830} INFO - Processing file /opt/airflow/dags/etl_dag.py for tasks to queue
[2026-05-21T23:55:13.162+0000] {logging_mixin.py:188} INFO - [2026-05-21T23:55:13.162+0000] {dagbag.py:538} INFO - Filling up the DagBag from /opt/airflow/dags/etl_dag.py
[2026-05-21T23:55:13.412+0000] {processor.py:840} INFO - DAG(s) 'etl_pipeline' retrieved from /opt/airflow/dags/etl_dag.py
[2026-05-21T23:55:13.428+0000] {logging_mixin.py:188} INFO - [2026-05-21T23:55:13.427+0000] {dag.py:3036} INFO - Sync 1 DAGs
[2026-05-21T23:55:13.443+0000] {logging_mixin.py:188} INFO - [2026-05-21T23:55:13.443+0000] {dag.py:3823} INFO - Setting next_dagrun for etl_pipeline to 2026-05-21 00:00:00+00:00, run_after=2026-05-22 00:00:00+00:00
[2026-05-21T23:55:13.458+0000] {processor.py:183} INFO - Processing /opt/airflow/dags/etl_dag.py took 0.300 seconds
[2026-05-21T23:55:43.622+0000] {processor.py:161} INFO - Started process (PID=353) to work on /opt/airflow/dags/etl_dag.py
[2026-05-21T23:55:43.623+0000] {processor.py:830} INFO - Processing file /opt/airflow/dags/etl_dag.py for tasks to queue
[2026-05-21T23:55:43.624+0000] {logging_mixin.py:188} INFO - [2026-05-21T23:55:43.624+0000] {dagbag.py:538} INFO - Filling up the DagBag from /opt/airflow/dags/etl_dag.py
[2026-05-21T23:55:43.829+0000] {processor.py:840} INFO - DAG(s) 'etl_pipeline' retrieved from /opt/airflow/dags/etl_dag.py
[2026-05-21T23:55:43.845+0000] {logging_mixin.py:188} INFO - [2026-05-21T23:55:43.845+0000] {dag.py:3036} INFO - Sync 1 DAGs
[2026-05-21T23:55:43.862+0000] {logging_mixin.py:188} INFO - [2026-05-21T23:55:43.862+0000] {dag.py:3823} INFO - Setting next_dagrun for etl_pipeline to 2026-05-21 00:00:00+00:00, run_after=2026-05-22 00:00:00+00:00
[2026-05-21T23:55:43.884+0000] {processor.py:183} INFO - Processing /opt/airflow/dags/etl_dag.py took 0.265 seconds
[2026-05-21T23:56:13.984+0000] {processor.py:161} INFO - Started process (PID=355) to work on /opt/airflow/dags/etl_dag.py
[2026-05-21T23:56:13.985+0000] {processor.py:830} INFO - Processing file /opt/airflow/dags/etl_dag.py for tasks to queue
[2026-05-21T23:56:13.986+0000] {logging_mixin.py:188} INFO - [2026-05-21T23:56:13.985+0000] {dagbag.py:538} INFO - Filling up the DagBag from /opt/airflow/dags/etl_dag.py
[2026-05-21T23:56:14.392+0000] {processor.py:840} INFO - DAG(s) 'etl_pipeline' retrieved from /opt/airflow/dags/etl_dag.py
[2026-05-21T23:56:14.421+0000] {logging_mixin.py:188} INFO - [2026-05-21T23:56:14.421+0000] {dag.py:3036} INFO - Sync 1 DAGs
[2026-05-21T23:56:14.450+0000] {logging_mixin.py:188} INFO - [2026-05-21T23:56:14.450+0000] {dag.py:3823} INFO - Setting next_dagrun for etl_pipeline to 2026-05-21 00:00:00+00:00, run_after=2026-05-22 00:00:00+00:00
[2026-05-21T23:56:14.497+0000] {processor.py:183} INFO - Processing /opt/airflow/dags/etl_dag.py took 0.516 seconds
[2026-05-21T23:56:44.651+0000] {processor.py:161} INFO - Started process (PID=357) to work on /opt/airflow/dags/etl_dag.py
[2026-05-21T23:56:44.652+0000] {processor.py:830} INFO - Processing file /opt/airflow/dags/etl_dag.py for tasks to queue
[2026-05-21T23:56:44.653+0000] {logging_mixin.py:188} INFO - [2026-05-21T23:56:44.652+0000] {dagbag.py:538} INFO - Filling up the DagBag from /opt/airflow/dags/etl_dag.py
[2026-05-21T23:56:44.867+0000] {processor.py:840} INFO - DAG(s) 'etl_pipeline' retrieved from /opt/airflow/dags/etl_dag.py
[2026-05-21T23:56:44.895+0000] {logging_mixin.py:188} INFO - [2026-05-21T23:56:44.894+0000] {dag.py:3036} INFO - Sync 1 DAGs
[2026-05-21T23:56:44.918+0000] {logging_mixin.py:188} INFO - [2026-05-21T23:56:44.917+0000] {dag.py:3823} INFO - Setting next_dagrun for etl_pipeline to 2026-05-21 00:00:00+00:00, run_after=2026-05-22 00:00:00+00:00
[2026-05-21T23:56:44.941+0000] {processor.py:183} INFO - Processing /opt/airflow/dags/etl_dag.py took 0.292 seconds
[2026-05-21T23:57:14.985+0000] {processor.py:161} INFO - Started process (PID=359) to work on /opt/airflow/dags/etl_dag.py
[2026-05-21T23:57:14.986+0000] {processor.py:830} INFO - Processing file /opt/airflow/dags/etl_dag.py for tasks to queue
[2026-05-21T23:57:14.987+0000] {logging_mixin.py:188} INFO - [2026-05-21T23:57:14.986+0000] {dagbag.py:538} INFO - Filling up the DagBag from /opt/airflow/dags/etl_dag.py
[2026-05-21T23:57:15.198+0000] {processor.py:840} INFO - DAG(s) 'etl_pipeline' retrieved from /opt/airflow/dags/etl_dag.py
[2026-05-21T23:57:15.215+0000] {logging_mixin.py:188} INFO - [2026-05-21T23:57:15.215+0000] {dag.py:3036} INFO - Sync 1 DAGs
[2026-05-21T23:57:15.230+0000] {logging_mixin.py:188} INFO - [2026-05-21T23:57:15.229+0000] {dag.py:3823} INFO - Setting next_dagrun for etl_pipeline to 2026-05-21 00:00:00+00:00, run_after=2026-05-22 00:00:00+00:00
[2026-05-21T23:57:15.244+0000] {processor.py:183} INFO - Processing /opt/airflow/dags/etl_dag.py took 0.262 seconds
[2026-05-21T23:57:45.364+0000] {processor.py:161} INFO - Started process (PID=361) to work on /opt/airflow/dags/etl_dag.py
[2026-05-21T23:57:45.365+0000] {processor.py:830} INFO - Processing file /opt/airflow/dags/etl_dag.py for tasks to queue
[2026-05-21T23:57:45.366+0000] {logging_mixin.py:188} INFO - [2026-05-21T23:57:45.366+0000] {dagbag.py:538} INFO - Filling up the DagBag from /opt/airflow/dags/etl_dag.py
[2026-05-21T23:57:45.576+0000] {processor.py:840} INFO - DAG(s) 'etl_pipeline' retrieved from /opt/airflow/dags/etl_dag.py
[2026-05-21T23:57:45.594+0000] {logging_mixin.py:188} INFO - [2026-05-21T23:57:45.593+0000] {dag.py:3036} INFO - Sync 1 DAGs
[2026-05-21T23:57:45.609+0000] {logging_mixin.py:188} INFO - [2026-05-21T23:57:45.609+0000] {dag.py:3823} INFO - Setting next_dagrun for etl_pipeline to 2026-05-21 00:00:00+00:00, run_after=2026-05-22 00:00:00+00:00
[2026-05-21T23:57:45.637+0000] {processor.py:183} INFO - Processing /opt/airflow/dags/etl_dag.py took 0.275 seconds
[2026-05-21T23:58:15.732+0000] {processor.py:161} INFO - Started process (PID=363) to work on /opt/airflow/dags/etl_dag.py
[2026-05-21T23:58:15.733+0000] {processor.py:830} INFO - Processing file /opt/airflow/dags/etl_dag.py for tasks to queue
[2026-05-21T23:58:15.734+0000] {logging_mixin.py:188} INFO - [2026-05-21T23:58:15.734+0000] {dagbag.py:538} INFO - Filling up the DagBag from /opt/airflow/dags/etl_dag.py
[2026-05-21T23:58:15.942+0000] {processor.py:840} INFO - DAG(s) 'etl_pipeline' retrieved from /opt/airflow/dags/etl_dag.py
[2026-05-21T23:58:15.959+0000] {logging_mixin.py:188} INFO - [2026-05-21T23:58:15.959+0000] {dag.py:3036} INFO - Sync 1 DAGs
[2026-05-21T23:58:15.975+0000] {logging_mixin.py:188} INFO - [2026-05-21T23:58:15.975+0000] {dag.py:3823} INFO - Setting next_dagrun for etl_pipeline to 2026-05-21 00:00:00+00:00, run_after=2026-05-22 00:00:00+00:00
[2026-05-21T23:58:15.991+0000] {processor.py:183} INFO - Processing /opt/airflow/dags/etl_dag.py took 0.261 seconds
[2026-05-21T23:58:46.109+0000] {processor.py:161} INFO - Started process (PID=365) to work on /opt/airflow/dags/etl_dag.py
[2026-05-21T23:58:46.110+0000] {processor.py:830} INFO - Processing file /opt/airflow/dags/etl_dag.py for tasks to queue
[2026-05-21T23:58:46.111+0000] {logging_mixin.py:188} INFO - [2026-05-21T23:58:46.111+0000] {dagbag.py:538} INFO - Filling up the DagBag from /opt/airflow/dags/etl_dag.py
[2026-05-21T23:58:46.342+0000] {processor.py:840} INFO - DAG(s) 'etl_pipeline' retrieved from /opt/airflow/dags/etl_dag.py
[2026-05-21T23:58:46.362+0000] {logging_mixin.py:188} INFO - [2026-05-21T23:58:46.361+0000] {dag.py:3036} INFO - Sync 1 DAGs
[2026-05-21T23:58:46.386+0000] {logging_mixin.py:188} INFO - [2026-05-21T23:58:46.386+0000] {dag.py:3823} INFO - Setting next_dagrun for etl_pipeline to 2026-05-21 00:00:00+00:00, run_after=2026-05-22 00:00:00+00:00
[2026-05-21T23:58:46.407+0000] {processor.py:183} INFO - Processing /opt/airflow/dags/etl_dag.py took 0.300 seconds
[2026-05-21T23:59:02.897+0000] {processor.py:161} INFO - Started process (PID=367) to work on /opt/airflow/dags/etl_dag.py
[2026-05-21T23:59:02.898+0000] {processor.py:830} INFO - Processing file /opt/airflow/dags/etl_dag.py for tasks to queue
[2026-05-21T23:59:02.899+0000] {logging_mixin.py:188} INFO - [2026-05-21T23:59:02.899+0000] {dagbag.py:538} INFO - Filling up the DagBag from /opt/airflow/dags/etl_dag.py
[2026-05-21T23:59:03.145+0000] {logging_mixin.py:188} INFO - [2026-05-21T23:59:03.144+0000] {dagbag.py:348} ERROR - Failed to import: /opt/airflow/dags/etl_dag.py
Traceback (most recent call last):
  File "/home/airflow/.local/lib/python3.10/site-packages/airflow/models/dagbag.py", line 344, in parse
    loader.exec_module(new_module)
  File "<frozen importlib._bootstrap_external>", line 883, in exec_module
  File "<frozen importlib._bootstrap>", line 241, in _call_with_frames_removed
  File "/opt/airflow/dags/etl_dag.py", line 3, in <module>
    import clickhouse_connect
ModuleNotFoundError: No module named 'clickhouse_connect'
[2026-05-21T23:59:03.146+0000] {processor.py:842} WARNING - No viable dags retrieved from /opt/airflow/dags/etl_dag.py
[2026-05-21T23:59:03.157+0000] {processor.py:183} INFO - Processing /opt/airflow/dags/etl_dag.py took 0.263 seconds
[2026-05-21T23:59:28.108+0000] {processor.py:161} INFO - Started process (PID=369) to work on /opt/airflow/dags/etl_dag.py
[2026-05-21T23:59:28.110+0000] {processor.py:830} INFO - Processing file /opt/airflow/dags/etl_dag.py for tasks to queue
[2026-05-21T23:59:28.111+0000] {logging_mixin.py:188} INFO - [2026-05-21T23:59:28.110+0000] {dagbag.py:538} INFO - Filling up the DagBag from /opt/airflow/dags/etl_dag.py
[2026-05-21T23:59:28.116+0000] {logging_mixin.py:188} INFO - [2026-05-21T23:59:28.115+0000] {dagbag.py:348} ERROR - Failed to import: /opt/airflow/dags/etl_dag.py
Traceback (most recent call last):
  File "/home/airflow/.local/lib/python3.10/site-packages/airflow/models/dagbag.py", line 344, in parse
    loader.exec_module(new_module)
  File "<frozen importlib._bootstrap_external>", line 879, in exec_module
  File "<frozen importlib._bootstrap_external>", line 1017, in get_code
  File "<frozen importlib._bootstrap_external>", line 947, in source_to_code
  File "<frozen importlib._bootstrap>", line 241, in _call_with_frames_removed
  File "/opt/airflow/dags/etl_dag.py", line 151
    extract_task >> validate_task >> load_taskdocker exec airflow airflow dags list
                                                     ^^^^
SyntaxError: invalid syntax
[2026-05-21T23:59:28.116+0000] {processor.py:842} WARNING - No viable dags retrieved from /opt/airflow/dags/etl_dag.py
[2026-05-21T23:59:28.138+0000] {processor.py:183} INFO - Processing /opt/airflow/dags/etl_dag.py took 0.036 seconds
[2026-05-21T23:59:58.374+0000] {processor.py:161} INFO - Started process (PID=376) to work on /opt/airflow/dags/etl_dag.py
[2026-05-21T23:59:58.375+0000] {processor.py:830} INFO - Processing file /opt/airflow/dags/etl_dag.py for tasks to queue
[2026-05-21T23:59:58.377+0000] {logging_mixin.py:188} INFO - [2026-05-21T23:59:58.377+0000] {dagbag.py:538} INFO - Filling up the DagBag from /opt/airflow/dags/etl_dag.py
[2026-05-21T23:59:58.382+0000] {logging_mixin.py:188} INFO - [2026-05-21T23:59:58.381+0000] {dagbag.py:348} ERROR - Failed to import: /opt/airflow/dags/etl_dag.py
Traceback (most recent call last):
  File "/home/airflow/.local/lib/python3.10/site-packages/airflow/models/dagbag.py", line 344, in parse
    loader.exec_module(new_module)
  File "<frozen importlib._bootstrap_external>", line 879, in exec_module
  File "<frozen importlib._bootstrap_external>", line 1017, in get_code
  File "<frozen importlib._bootstrap_external>", line 947, in source_to_code
  File "<frozen importlib._bootstrap>", line 241, in _call_with_frames_removed
  File "/opt/airflow/dags/etl_dag.py", line 151
    extract_task >> validate_task >> load_taskdocker exec airflow airflow dags list
                                                     ^^^^
SyntaxError: invalid syntax
[2026-05-21T23:59:58.382+0000] {processor.py:842} WARNING - No viable dags retrieved from /opt/airflow/dags/etl_dag.py
[2026-05-21T23:59:58.399+0000] {processor.py:183} INFO - Processing /opt/airflow/dags/etl_dag.py took 0.029 seconds
