[2026-05-22T00:23:14.952+0000] {taskinstance.py:1956} INFO - Dependencies all met for dep_context=non-requeueable deps ti=<TaskInstance: etl_pipeline.load_to_clickhouse manual__2026-05-22T00:23:05.830354+00:00 [queued]>
[2026-05-22T00:23:14.956+0000] {taskinstance.py:1956} INFO - Dependencies all met for dep_context=requeueable deps ti=<TaskInstance: etl_pipeline.load_to_clickhouse manual__2026-05-22T00:23:05.830354+00:00 [queued]>
[2026-05-22T00:23:14.956+0000] {taskinstance.py:2170} INFO - Starting attempt 1 of 1
[2026-05-22T00:23:14.966+0000] {taskinstance.py:2191} INFO - Executing <Task(PythonOperator): load_to_clickhouse> on 2026-05-22 00:23:05.830354+00:00
[2026-05-22T00:23:14.971+0000] {standard_task_runner.py:60} INFO - Started process 568 to run task
[2026-05-22T00:23:14.974+0000] {standard_task_runner.py:87} INFO - Running: ['airflow', 'tasks', 'run', 'etl_pipeline', 'load_to_clickhouse', 'manual__2026-05-22T00:23:05.830354+00:00', '--job-id', '25', '--raw', '--subdir', 'DAGS_FOLDER/etl_dag.py', '--cfg-path', '/tmp/tmpd1bwn0oa']
[2026-05-22T00:23:14.976+0000] {standard_task_runner.py:88} INFO - Job 25: Subtask load_to_clickhouse
[2026-05-22T00:23:15.004+0000] {task_command.py:423} INFO - Running <TaskInstance: etl_pipeline.load_to_clickhouse manual__2026-05-22T00:23:05.830354+00:00 [running]> on host 15c29f975715
[2026-05-22T00:23:15.044+0000] {taskinstance.py:2480} INFO - Exporting env vars: AIRFLOW_CTX_DAG_OWNER='airflow' AIRFLOW_CTX_DAG_ID='etl_pipeline' AIRFLOW_CTX_TASK_ID='load_to_clickhouse' AIRFLOW_CTX_EXECUTION_DATE='2026-05-22T00:23:05.830354+00:00' AIRFLOW_CTX_TRY_NUMBER='1' AIRFLOW_CTX_DAG_RUN_ID='manual__2026-05-22T00:23:05.830354+00:00'
[2026-05-22T00:23:15.071+0000] {logging_mixin.py:188} INFO - Code: 194. DB::Exception: default: Authentication failed: password is incorrect, or there is no user with such name

If you use ClickHouse Cloud, the password can be reset at https://clickhouse.cloud/
on the settings page for the corresponding service.

If you have installed ClickHouse and forgot password you can reset it in the configuration file.
The password for default user is typically located at /etc/clickhouse-server/users.d/default-password.xml
and deleting this file will reset the password.
See also /etc/clickhouse-server/users.xml on the server where ClickHouse is installed.

. (REQUIRED_PASSWORD)
[2026-05-22T00:23:15.074+0000] {logging_mixin.py:188} INFO - Code: 194. DB::Exception: default: Authentication failed: password is incorrect, or there is no user with such name

If you use ClickHouse Cloud, the password can be reset at https://clickhouse.cloud/
on the settings page for the corresponding service.

If you have installed ClickHouse and forgot password you can reset it in the configuration file.
The password for default user is typically located at /etc/clickhouse-server/users.d/default-password.xml
and deleting this file will reset the password.
See also /etc/clickhouse-server/users.xml on the server where ClickHouse is installed.

. (REQUIRED_PASSWORD)
[2026-05-22T00:23:15.075+0000] {logging_mixin.py:188} INFO - Loaded to ClickHouse
[2026-05-22T00:23:15.075+0000] {python.py:201} INFO - Done. Returned value was: None
[2026-05-22T00:23:15.080+0000] {taskinstance.py:1138} INFO - Marking task as SUCCESS. dag_id=etl_pipeline, task_id=load_to_clickhouse, execution_date=20260522T002305, start_date=20260522T002314, end_date=20260522T002315
[2026-05-22T00:23:15.107+0000] {local_task_job_runner.py:234} INFO - Task exited with return code 0
[2026-05-22T00:23:15.121+0000] {taskinstance.py:3280} INFO - 0 downstream tasks scheduled from follow-on schedule check
